<?xml version="1.0" encoding="UTF-8"?>
<testsuite xmlns:xsi="http://www.w3.org/2001/XMLSchema-instance" xsi:noNamespaceSchemaLocation="https://maven.apache.org/surefire/maven-surefire-plugin/xsd/surefire-test-report.xsd" name="com.huyduc.manage.ManageApplicationTests" time="20.187" tests="1" errors="1" skipped="0" failures="0">
  <properties>
[...]
</properties>
  <testcase name="contextLoads" classname="com.huyduc.manage.ManageApplicationTests" time="0.003">
    <error message="Failed to load ApplicationContext" type="java.lang.IllegalStateException">java.lang.IllegalStateException: Failed to load ApplicationContext
Caused by: org.springframework.beans.factory.UnsatisfiedDependencyException: Error creating bean with name 'securityConfiguration' defined in file [E:\QuanLyDaoTao\Back-end\target\classes\com\huyduc\manage\config\SecurityConfiguration.class]: Unsatisfied dependency expressed through constructor parameter 4; nested exception is org.springframework.beans.factory.UnsatisfiedDependencyException: Error creating bean with name 'org.zalando.problem.spring.web.advice.security.SecurityProblemSupport': Unsatisfied dependency expressed through constructor parameter 0; nested exception is org.springframework.beans.factory.BeanCreationException: Error creating bean with name 'handlerExceptionResolver' defined in class path resource [org/springframework/boot/autoconfigure/web/servlet/WebMvcAutoConfiguration$EnableWebMvcConfiguration.class]: Bean instantiation via factory method failed; nested exception is org.springframework.beans.BeanInstantiationException: Failed to instantiate [org.springframework.web.servlet.HandlerExceptionResolver]: Factory method 'handlerExceptionResolver' threw exception; nested exception is java.lang.NoClassDefFoundError: net/minidev/json/writer/JsonReaderI
Caused by: org.springframework.beans.factory.UnsatisfiedDependencyException: Error creating bean with name 'org.zalando.problem.spring.web.advice.security.SecurityProblemSupport': Unsatisfied dependency expressed through constructor parameter 0; nested exception is org.springframework.beans.factory.BeanCreationException: Error creating bean with name 'handlerExceptionResolver' defined in class path resource [org/springframework/boot/autoconfigure/web/servlet/WebMvcAutoConfiguration$EnableWebMvcConfiguration.class]: Bean instantiation via factory method failed; nested exception is org.springframework.beans.BeanInstantiationException: Failed to instantiate [org.springframework.web.servlet.HandlerExceptionResolver]: Factory method 'handlerExceptionResolver' threw exception; nested exception is java.lang.NoClassDefFoundError: net/minidev/json/writer/JsonReaderI
Caused by: org.springframework.beans.factory.BeanCreationException: Error creating bean with name 'handlerExceptionResolver' defined in class path resource [org/springframework/boot/autoconfigure/web/servlet/WebMvcAutoConfiguration$EnableWebMvcConfiguration.class]: Bean instantiation via factory method failed; nested exception is org.springframework.beans.BeanInstantiationException: Failed to instantiate [org.springframework.web.servlet.HandlerExceptionResolver]: Factory method 'handlerExceptionResolver' threw exception; nested exception is java.lang.NoClassDefFoundError: net/minidev/json/writer/JsonReaderI
Caused by: org.springframework.beans.BeanInstantiationException: Failed to instantiate [org.springframework.web.servlet.HandlerExceptionResolver]: Factory method 'handlerExceptionResolver' threw exception; nested exception is java.lang.NoClassDefFoundError: net/minidev/json/writer/JsonReaderI
Caused by: java.lang.NoClassDefFoundError: net/minidev/json/writer/JsonReaderI
Caused by: java.lang.ClassNotFoundException: net.minidev.json.writer.JsonReaderI
</error>
    <system-out><![CDATA[21:46:06.396 [main] DEBUG org.springframework.test.context.junit4.SpringJUnit4ClassRunner - SpringJUnit4ClassRunner constructor called with [class com.huyduc.manage.ManageApplicationTests]
21:46:06.422 [main] DEBUG org.springframework.test.context.BootstrapUtils - Instantiating CacheAwareContextLoaderDelegate from class [org.springframework.test.context.cache.DefaultCacheAwareContextLoaderDelegate]
21:46:06.447 [main] DEBUG org.springframework.test.context.BootstrapUtils - Instantiating BootstrapContext using constructor [public org.springframework.test.context.support.DefaultBootstrapContext(java.lang.Class,org.springframework.test.context.CacheAwareContextLoaderDelegate)]
21:46:06.475 [main] DEBUG org.springframework.test.context.BootstrapUtils - Instantiating TestContextBootstrapper for test class [com.huyduc.manage.ManageApplicationTests] from class [org.springframework.boot.test.context.SpringBootTestContextBootstrapper]
21:46:06.654 [main] INFO org.springframework.boot.test.context.SpringBootTestContextBootstrapper - Neither @ContextConfiguration nor @ContextHierarchy found for test class [com.huyduc.manage.ManageApplicationTests], using SpringBootContextLoader
21:46:06.659 [main] DEBUG org.springframework.test.context.support.AbstractContextLoader - Did not detect default resource location for test class [com.huyduc.manage.ManageApplicationTests]: class path resource [com/huyduc/manage/ManageApplicationTests-context.xml] does not exist
21:46:06.660 [main] DEBUG org.springframework.test.context.support.AbstractContextLoader - Did not detect default resource location for test class [com.huyduc.manage.ManageApplicationTests]: class path resource [com/huyduc/manage/ManageApplicationTestsContext.groovy] does not exist
21:46:06.662 [main] INFO org.springframework.test.context.support.AbstractContextLoader - Could not detect default resource locations for test class [com.huyduc.manage.ManageApplicationTests]: no resource found for suffixes {-context.xml, Context.groovy}.
21:46:06.669 [main] INFO org.springframework.test.context.support.AnnotationConfigContextLoaderUtils - Could not detect default configuration classes for test class [com.huyduc.manage.ManageApplicationTests]: ManageApplicationTests does not declare any static, non-private, non-final, nested classes annotated with @Configuration.
21:46:06.847 [main] DEBUG org.springframework.test.context.support.ActiveProfilesUtils - Could not find an 'annotation declaring class' for annotation type [org.springframework.test.context.ActiveProfiles] and class [com.huyduc.manage.ManageApplicationTests]
21:46:06.890 [main] DEBUG org.springframework.core.env.StandardEnvironment - Adding PropertySource 'systemProperties' with lowest search precedence
21:46:06.890 [main] DEBUG org.springframework.core.env.StandardEnvironment - Adding PropertySource 'systemEnvironment' with lowest search precedence
21:46:06.891 [main] DEBUG org.springframework.core.env.StandardEnvironment - Initialized StandardEnvironment with PropertySources [MapPropertySource@928466577 {name='systemProperties', properties={java.runtime.name=Java(TM) SE Runtime Environment, sun.boot.library.path=C:\Program Files\Java\jdk1.8.0_201\jre\bin, java.vm.version=25.201-b09, java.vm.vendor=Oracle Corporation, java.vendor.url=http://java.oracle.com/, path.separator=;, java.vm.name=Java HotSpot(TM) 64-Bit Server VM, file.encoding.pkg=sun.io, user.country=US, user.script=, sun.java.launcher=SUN_STANDARD, sun.os.patch.level=, java.vm.specification.name=Java Virtual Machine Specification, user.dir=E:\QuanLyDaoTao\Back-end, java.runtime.version=1.8.0_201-b09, basedir=E:\QuanLyDaoTao\Back-end, java.awt.graphicsenv=sun.awt.Win32GraphicsEnvironment, java.endorsed.dirs=C:\Program Files\Java\jdk1.8.0_201\jre\lib\endorsed, os.arch=amd64, surefire.real.class.path=C:\Users\ducer\AppData\Local\Temp\surefire620847562776905403\surefirebooter8142727283426324083.jar, java.io.tmpdir=C:\Users\ducer\AppData\Local\Temp\, line.separator=
, java.vm.specification.vendor=Oracle Corporation, user.variant=, os.name=Windows 10, sun.jnu.encoding=Cp1252, java.library.path=C:\Program Files\Java\jdk1.8.0_201\jre\bin;C:\Windows\Sun\Java\bin;C:\Windows\system32;C:\Windows;C:\Program Files (x86)\Common Files\Oracle\Java\javapath;C:\Windows\system32;C:\Windows;C:\Windows\System32\Wbem;C:\Windows\System32\WindowsPowerShell\v1.0\;C:\Windows\System32\OpenSSH\;%JAVA_HOME%\bin;%MAVEN_HOME%\bin;C:\Program Files\nodejs\;C:\Program Files\Microsoft\Web Platform Installer\;C:\Program Files (x86)\Microsoft ASP.NET\ASP.NET Web Pages\v1.0\;C:\Program Files (x86)\Windows Kits\8.0\Windows Performance Toolkit\;C:\Program Files\Microsoft SQL Server\110\Tools\Binn\;C:\Users\ducer\AppData\Local\Microsoft\WindowsApps;;C:\Users\ducer\AppData\Local\Programs\Microsoft VS Code\bin;C:\Users\ducer\AppData\Roaming\npm;., surefire.test.class.path=E:\QuanLyDaoTao\Back-end\target\test-classes;E:\QuanLyDaoTao\Back-end\target\classes;C:\Users\ducer\.m2\repository\io\jsonwebtoken\jjwt-jackson\0.10.5\jjwt-jackson-0.10.5.jar;C:\Users\ducer\.m2\repository\com\fasterxml\jackson\core\jackson-databind\2.9.6\jackson-databind-2.9.6.jar;C:\Users\ducer\.m2\repository\com\fasterxml\jackson\core\jackson-annotations\2.9.0\jackson-annotations-2.9.0.jar;C:\Users\ducer\.m2\repository\com\fasterxml\jackson\core\jackson-core\2.9.6\jackson-core-2.9.6.jar;C:\Users\ducer\.m2\repository\org\springframework\boot\spring-boot-starter-data-jpa\2.0.8.BUILD-SNAPSHOT\spring-boot-starter-data-jpa-2.0.8.BUILD-SNAPSHOT.jar;C:\Users\ducer\.m2\repository\org\springframework\boot\spring-boot-starter\2.0.8.BUILD-SNAPSHOT\spring-boot-starter-2.0.8.BUILD-SNAPSHOT.jar;C:\Users\ducer\.m2\repository\org\springframework\boot\spring-boot\2.0.8.BUILD-SNAPSHOT\spring-boot-2.0.8.BUILD-SNAPSHOT.jar;C:\Users\ducer\.m2\repository\org\springframework\boot\spring-boot-autoconfigure\2.0.8.BUILD-SNAPSHOT\spring-boot-autoconfigure-2.0.8.BUILD-SNAPSHOT.jar;C:\Users\ducer\.m2\repository\org\springframework\boot\spring-boot-starter-logging\2.0.8.BUILD-SNAPSHOT\spring-boot-starter-logging-2.0.8.BUILD-SNAPSHOT.jar;C:\Users\ducer\.m2\repository\ch\qos\logback\logback-classic\1.2.3\logback-classic-1.2.3.jar;C:\Users\ducer\.m2\repository\ch\qos\logback\logback-core\1.2.3\logback-core-1.2.3.jar;C:\Users\ducer\.m2\repository\org\apache\logging\log4j\log4j-to-slf4j\2.10.0\log4j-to-slf4j-2.10.0.jar;C:\Users\ducer\.m2\repository\org\apache\logging\log4j\log4j-api\2.10.0\log4j-api-2.10.0.jar;C:\Users\ducer\.m2\repository\org\slf4j\jul-to-slf4j\1.7.25\jul-to-slf4j-1.7.25.jar;C:\Users\ducer\.m2\repository\javax\annotation\javax.annotation-api\1.3.2\javax.annotation-api-1.3.2.jar;C:\Users\ducer\.m2\repository\org\yaml\snakeyaml\1.19\snakeyaml-1.19.jar;C:\Users\ducer\.m2\repository\org\springframework\boot\spring-boot-starter-aop\2.0.8.BUILD-SNAPSHOT\spring-boot-starter-aop-2.0.8.BUILD-SNAPSHOT.jar;C:\Users\ducer\.m2\repository\org\aspectj\aspectjweaver\1.8.13\aspectjweaver-1.8.13.jar;C:\Users\ducer\.m2\repository\org\springframework\boot\spring-boot-starter-jdbc\2.0.8.BUILD-SNAPSHOT\spring-boot-starter-jdbc-2.0.8.BUILD-SNAPSHOT.jar;C:\Users\ducer\.m2\repository\com\zaxxer\HikariCP\2.7.9\HikariCP-2.7.9.jar;C:\Users\ducer\.m2\repository\org\springframework\spring-jdbc\5.0.12.RELEASE\spring-jdbc-5.0.12.RELEASE.jar;C:\Users\ducer\.m2\repository\javax\transaction\javax.transaction-api\1.2\javax.transaction-api-1.2.jar;C:\Users\ducer\.m2\repository\org\hibernate\hibernate-core\5.2.17.Final\hibernate-core-5.2.17.Final.jar;C:\Users\ducer\.m2\repository\org\jboss\logging\jboss-logging\3.3.2.Final\jboss-logging-3.3.2.Final.jar;C:\Users\ducer\.m2\repository\org\hibernate\javax\persistence\hibernate-jpa-2.1-api\1.0.2.Final\hibernate-jpa-2.1-api-1.0.2.Final.jar;C:\Users\ducer\.m2\repository\org\javassist\javassist\3.22.0-GA\javassist-3.22.0-GA.jar;C:\Users\ducer\.m2\repository\antlr\antlr\2.7.7\antlr-2.7.7.jar;C:\Users\ducer\.m2\repository\org\jboss\jandex\2.0.3.Final\jandex-2.0.3.Final.jar;C:\Users\ducer\.m2\repository\com\fasterxml\classmate\1.3.4\classmate-1.3.4.jar;C:\Users\ducer\.m2\repository\dom4j\dom4j\1.6.1\dom4j-1.6.1.jar;C:\Users\ducer\.m2\repository\org\hibernate\common\hibernate-commons-annotations\5.0.1.Final\hibernate-commons-annotations-5.0.1.Final.jar;C:\Users\ducer\.m2\repository\org\springframework\data\spring-data-jpa\2.0.13.RELEASE\spring-data-jpa-2.0.13.RELEASE.jar;C:\Users\ducer\.m2\repository\org\springframework\data\spring-data-commons\2.0.13.RELEASE\spring-data-commons-2.0.13.RELEASE.jar;C:\Users\ducer\.m2\repository\org\springframework\spring-orm\5.0.12.RELEASE\spring-orm-5.0.12.RELEASE.jar;C:\Users\ducer\.m2\repository\org\springframework\spring-context\5.0.12.RELEASE\spring-context-5.0.12.RELEASE.jar;C:\Users\ducer\.m2\repository\org\springframework\spring-tx\5.0.12.RELEASE\spring-tx-5.0.12.RELEASE.jar;C:\Users\ducer\.m2\repository\org\springframework\spring-beans\5.0.12.RELEASE\spring-beans-5.0.12.RELEASE.jar;C:\Users\ducer\.m2\repository\org\springframework\spring-aspects\5.0.12.RELEASE\spring-aspects-5.0.12.RELEASE.jar;C:\Users\ducer\.m2\repository\org\springframework\boot\spring-boot-starter-security\2.0.8.BUILD-SNAPSHOT\spring-boot-starter-security-2.0.8.BUILD-SNAPSHOT.jar;C:\Users\ducer\.m2\repository\org\springframework\spring-aop\5.0.12.RELEASE\spring-aop-5.0.12.RELEASE.jar;C:\Users\ducer\.m2\repository\org\springframework\security\spring-security-config\5.0.11.RELEASE\spring-security-config-5.0.11.RELEASE.jar;C:\Users\ducer\.m2\repository\org\springframework\security\spring-security-web\5.0.11.RELEASE\spring-security-web-5.0.11.RELEASE.jar;C:\Users\ducer\.m2\repository\org\springframework\spring-expression\5.0.12.RELEASE\spring-expression-5.0.12.RELEASE.jar;C:\Users\ducer\.m2\repository\org\springframework\boot\spring-boot-starter-web\2.0.8.BUILD-SNAPSHOT\spring-boot-starter-web-2.0.8.BUILD-SNAPSHOT.jar;C:\Users\ducer\.m2\repository\org\springframework\boot\spring-boot-starter-json\2.0.8.BUILD-SNAPSHOT\spring-boot-starter-json-2.0.8.BUILD-SNAPSHOT.jar;C:\Users\ducer\.m2\repository\com\fasterxml\jackson\datatype\jackson-datatype-jdk8\2.9.6\jackson-datatype-jdk8-2.9.6.jar;C:\Users\ducer\.m2\repository\com\fasterxml\jackson\datatype\jackson-datatype-jsr310\2.9.6\jackson-datatype-jsr310-2.9.6.jar;C:\Users\ducer\.m2\repository\com\fasterxml\jackson\module\jackson-module-parameter-names\2.9.6\jackson-module-parameter-names-2.9.6.jar;C:\Users\ducer\.m2\repository\org\springframework\boot\spring-boot-starter-tomcat\2.0.8.BUILD-SNAPSHOT\spring-boot-starter-tomcat-2.0.8.BUILD-SNAPSHOT.jar;C:\Users\ducer\.m2\repository\org\apache\tomcat\embed\tomcat-embed-core\8.5.37\tomcat-embed-core-8.5.37.jar;C:\Users\ducer\.m2\repository\org\apache\tomcat\embed\tomcat-embed-el\8.5.37\tomcat-embed-el-8.5.37.jar;C:\Users\ducer\.m2\repository\org\apache\tomcat\embed\tomcat-embed-websocket\8.5.37\tomcat-embed-websocket-8.5.37.jar;C:\Users\ducer\.m2\repository\org\hibernate\validator\hibernate-validator\6.0.14.Final\hibernate-validator-6.0.14.Final.jar;C:\Users\ducer\.m2\repository\org\springframework\spring-web\5.0.12.RELEASE\spring-web-5.0.12.RELEASE.jar;C:\Users\ducer\.m2\repository\org\springframework\spring-webmvc\5.0.12.RELEASE\spring-webmvc-5.0.12.RELEASE.jar;C:\Users\ducer\.m2\repository\mysql\mysql-connector-java\5.1.47\mysql-connector-java-5.1.47.jar;C:\Users\ducer\.m2\repository\org\springframework\boot\spring-boot-starter-test\2.0.8.BUILD-SNAPSHOT\spring-boot-starter-test-2.0.8.BUILD-SNAPSHOT.jar;C:\Users\ducer\.m2\repository\org\springframework\boot\spring-boot-test\2.0.8.BUILD-SNAPSHOT\spring-boot-test-2.0.8.BUILD-SNAPSHOT.jar;C:\Users\ducer\.m2\repository\org\springframework\boot\spring-boot-test-autoconfigure\2.0.8.BUILD-SNAPSHOT\spring-boot-test-autoconfigure-2.0.8.BUILD-SNAPSHOT.jar;C:\Users\ducer\.m2\repository\com\jayway\jsonpath\json-path\2.4.0\json-path-2.4.0.jar;C:\Users\ducer\.m2\repository\junit\junit\4.12\junit-4.12.jar;C:\Users\ducer\.m2\repository\org\assertj\assertj-core\3.9.1\assertj-core-3.9.1.jar;C:\Users\ducer\.m2\repository\org\mockito\mockito-core\2.15.0\mockito-core-2.15.0.jar;C:\Users\ducer\.m2\repository\net\bytebuddy\byte-buddy\1.7.11\byte-buddy-1.7.11.jar;C:\Users\ducer\.m2\repository\net\bytebuddy\byte-buddy-agent\1.7.11\byte-buddy-agent-1.7.11.jar;C:\Users\ducer\.m2\repository\org\objenesis\objenesis\2.6\objenesis-2.6.jar;C:\Users\ducer\.m2\repository\org\hamcrest\hamcrest-core\1.3\hamcrest-core-1.3.jar;C:\Users\ducer\.m2\repository\org\hamcrest\hamcrest-library\1.3\hamcrest-library-1.3.jar;C:\Users\ducer\.m2\repository\org\skyscreamer\jsonassert\1.5.0\jsonassert-1.5.0.jar;C:\Users\ducer\.m2\repository\com\vaadin\external\google\android-json\0.0.20131108.vaadin1\android-json-0.0.20131108.vaadin1.jar;C:\Users\ducer\.m2\repository\org\springframework\spring-core\5.0.12.RELEASE\spring-core-5.0.12.RELEASE.jar;C:\Users\ducer\.m2\repository\org\springframework\spring-jcl\5.0.12.RELEASE\spring-jcl-5.0.12.RELEASE.jar;C:\Users\ducer\.m2\repository\org\xmlunit\xmlunit-core\2.5.1\xmlunit-core-2.5.1.jar;C:\Users\ducer\.m2\repository\javax\xml\bind\jaxb-api\2.3.0\jaxb-api-2.3.0.jar;C:\Users\ducer\.m2\repository\org\springframework\security\spring-security-test\5.0.11.RELEASE\spring-security-test-5.0.11.RELEASE.jar;C:\Users\ducer\.m2\repository\org\springframework\security\spring-security-core\5.0.11.RELEASE\spring-security-core-5.0.11.RELEASE.jar;C:\Users\ducer\.m2\repository\org\zalando\problem-spring-web\0.24.0-RC.0\problem-spring-web-0.24.0-RC.0.jar;C:\Users\ducer\.m2\repository\org\zalando\problem-violations\0.24.0-RC.0\problem-violations-0.24.0-RC.0.jar;C:\Users\ducer\.m2\repository\org\zalando\problem-spring-common\0.24.0-RC.0\problem-spring-common-0.24.0-RC.0.jar;C:\Users\ducer\.m2\repository\org\apiguardian\apiguardian-api\1.0.0\apiguardian-api-1.0.0.jar;C:\Users\ducer\.m2\repository\com\google\code\findbugs\jsr305\3.0.2\jsr305-3.0.2.jar;C:\Users\ducer\.m2\repository\org\slf4j\slf4j-api\1.7.25\slf4j-api-1.7.25.jar;C:\Users\ducer\.m2\repository\org\zalando\problem\0.21.0\problem-0.21.0.jar;C:\Users\ducer\.m2\repository\org\zalando\jackson-datatype-problem\0.21.0\jackson-datatype-problem-0.21.0.jar;C:\Users\ducer\.m2\repository\org\zalando\faux-pas\0.8.0\faux-pas-0.8.0.jar;C:\Users\ducer\.m2\repository\javax\validation\validation-api\2.0.1.Final\validation-api-2.0.1.Final.jar;C:\Users\ducer\.m2\repository\io\jsonwebtoken\jjwt-impl\0.10.5\jjwt-impl-0.10.5.jar;C:\Users\ducer\.m2\repository\io\jsonwebtoken\jjwt-api\0.10.5\jjwt-api-0.10.5.jar;C:\Users\ducer\.m2\repository\commons-fileupload\commons-fileupload\1.3.3\commons-fileupload-1.3.3.jar;C:\Users\ducer\.m2\repository\commons-codec\commons-codec\1.11\commons-codec-1.11.jar;C:\Users\ducer\.m2\repository\org\apache\commons\commons-lang3\3.7\commons-lang3-3.7.jar;C:\Users\ducer\.m2\repository\org\mapstruct\mapstruct-jdk8\1.1.0.Final\mapstruct-jdk8-1.1.0.Final.jar;C:\Users\ducer\.m2\repository\io\jsonwebtoken\jjwt\0.6.0\jjwt-0.6.0.jar;C:\Users\ducer\.m2\repository\org\java-websocket\Java-WebSocket\1.3.0\Java-WebSocket-1.3.0.jar;C:\Users\ducer\.m2\repository\com\nimbusds\nimbus-jose-jwt\4.20\nimbus-jose-jwt-4.20.jar;C:\Users\ducer\.m2\repository\com\github\stephenc\jcip\jcip-annotations\1.0-1\jcip-annotations-1.0-1.jar;C:\Users\ducer\.m2\repository\net\minidev\json-smart\1.3.1\json-smart-1.3.1.jar;C:\Users\ducer\.m2\repository\commons-io\commons-io\2.6\commons-io-2.6.jar;C:\Users\ducer\.m2\repository\org\springframework\spring-test\5.1.6.RELEASE\spring-test-5.1.6.RELEASE.jar;, java.specification.name=Java Platform API Specification, java.class.version=52.0, sun.management.compiler=HotSpot 64-Bit Tiered Compilers, os.version=10.0, user.home=C:\Users\ducer, user.timezone=Asia/Bangkok, java.awt.printerjob=sun.awt.windows.WPrinterJob, file.encoding=Cp1252, java.specification.version=1.8, java.class.path=E:\QuanLyDaoTao\Back-end\target\test-classes;E:\QuanLyDaoTao\Back-end\target\classes;C:\Users\ducer\.m2\repository\io\jsonwebtoken\jjwt-jackson\0.10.5\jjwt-jackson-0.10.5.jar;C:\Users\ducer\.m2\repository\com\fasterxml\jackson\core\jackson-databind\2.9.6\jackson-databind-2.9.6.jar;C:\Users\ducer\.m2\repository\com\fasterxml\jackson\core\jackson-annotations\2.9.0\jackson-annotations-2.9.0.jar;C:\Users\ducer\.m2\repository\com\fasterxml\jackson\core\jackson-core\2.9.6\jackson-core-2.9.6.jar;C:\Users\ducer\.m2\repository\org\springframework\boot\spring-boot-starter-data-jpa\2.0.8.BUILD-SNAPSHOT\spring-boot-starter-data-jpa-2.0.8.BUILD-SNAPSHOT.jar;C:\Users\ducer\.m2\repository\org\springframework\boot\spring-boot-starter\2.0.8.BUILD-SNAPSHOT\spring-boot-starter-2.0.8.BUILD-SNAPSHOT.jar;C:\Users\ducer\.m2\repository\org\springframework\boot\spring-boot\2.0.8.BUILD-SNAPSHOT\spring-boot-2.0.8.BUILD-SNAPSHOT.jar;C:\Users\ducer\.m2\repository\org\springframework\boot\spring-boot-autoconfigure\2.0.8.BUILD-SNAPSHOT\spring-boot-autoconfigure-2.0.8.BUILD-SNAPSHOT.jar;C:\Users\ducer\.m2\repository\org\springframework\boot\spring-boot-starter-logging\2.0.8.BUILD-SNAPSHOT\spring-boot-starter-logging-2.0.8.BUILD-SNAPSHOT.jar;C:\Users\ducer\.m2\repository\ch\qos\logback\logback-classic\1.2.3\logback-classic-1.2.3.jar;C:\Users\ducer\.m2\repository\ch\qos\logback\logback-core\1.2.3\logback-core-1.2.3.jar;C:\Users\ducer\.m2\repository\org\apache\logging\log4j\log4j-to-slf4j\2.10.0\log4j-to-slf4j-2.10.0.jar;C:\Users\ducer\.m2\repository\org\apache\logging\log4j\log4j-api\2.10.0\log4j-api-2.10.0.jar;C:\Users\ducer\.m2\repository\org\slf4j\jul-to-slf4j\1.7.25\jul-to-slf4j-1.7.25.jar;C:\Users\ducer\.m2\repository\javax\annotation\javax.annotation-api\1.3.2\javax.annotation-api-1.3.2.jar;C:\Users\ducer\.m2\repository\org\yaml\snakeyaml\1.19\snakeyaml-1.19.jar;C:\Users\ducer\.m2\repository\org\springframework\boot\spring-boot-starter-aop\2.0.8.BUILD-SNAPSHOT\spring-boot-starter-aop-2.0.8.BUILD-SNAPSHOT.jar;C:\Users\ducer\.m2\repository\org\aspectj\aspectjweaver\1.8.13\aspectjweaver-1.8.13.jar;C:\Users\ducer\.m2\repository\org\springframework\boot\spring-boot-starter-jdbc\2.0.8.BUILD-SNAPSHOT\spring-boot-starter-jdbc-2.0.8.BUILD-SNAPSHOT.jar;C:\Users\ducer\.m2\repository\com\zaxxer\HikariCP\2.7.9\HikariCP-2.7.9.jar;C:\Users\ducer\.m2\repository\org\springframework\spring-jdbc\5.0.12.RELEASE\spring-jdbc-5.0.12.RELEASE.jar;C:\Users\ducer\.m2\repository\javax\transaction\javax.transaction-api\1.2\javax.transaction-api-1.2.jar;C:\Users\ducer\.m2\repository\org\hibernate\hibernate-core\5.2.17.Final\hibernate-core-5.2.17.Final.jar;C:\Users\ducer\.m2\repository\org\jboss\logging\jboss-logging\3.3.2.Final\jboss-logging-3.3.2.Final.jar;C:\Users\ducer\.m2\repository\org\hibernate\javax\persistence\hibernate-jpa-2.1-api\1.0.2.Final\hibernate-jpa-2.1-api-1.0.2.Final.jar;C:\Users\ducer\.m2\repository\org\javassist\javassist\3.22.0-GA\javassist-3.22.0-GA.jar;C:\Users\ducer\.m2\repository\antlr\antlr\2.7.7\antlr-2.7.7.jar;C:\Users\ducer\.m2\repository\org\jboss\jandex\2.0.3.Final\jandex-2.0.3.Final.jar;C:\Users\ducer\.m2\repository\com\fasterxml\classmate\1.3.4\classmate-1.3.4.jar;C:\Users\ducer\.m2\repository\dom4j\dom4j\1.6.1\dom4j-1.6.1.jar;C:\Users\ducer\.m2\repository\org\hibernate\common\hibernate-commons-annotations\5.0.1.Final\hibernate-commons-annotations-5.0.1.Final.jar;C:\Users\ducer\.m2\repository\org\springframework\data\spring-data-jpa\2.0.13.RELEASE\spring-data-jpa-2.0.13.RELEASE.jar;C:\Users\ducer\.m2\repository\org\springframework\data\spring-data-commons\2.0.13.RELEASE\spring-data-commons-2.0.13.RELEASE.jar;C:\Users\ducer\.m2\repository\org\springframework\spring-orm\5.0.12.RELEASE\spring-orm-5.0.12.RELEASE.jar;C:\Users\ducer\.m2\repository\org\springframework\spring-context\5.0.12.RELEASE\spring-context-5.0.12.RELEASE.jar;C:\Users\ducer\.m2\repository\org\springframework\spring-tx\5.0.12.RELEASE\spring-tx-5.0.12.RELEASE.jar;C:\Users\ducer\.m2\repository\org\springframework\spring-beans\5.0.12.RELEASE\spring-beans-5.0.12.RELEASE.jar;C:\Users\ducer\.m2\repository\org\springframework\spring-aspects\5.0.12.RELEASE\spring-aspects-5.0.12.RELEASE.jar;C:\Users\ducer\.m2\repository\org\springframework\boot\spring-boot-starter-security\2.0.8.BUILD-SNAPSHOT\spring-boot-starter-security-2.0.8.BUILD-SNAPSHOT.jar;C:\Users\ducer\.m2\repository\org\springframework\spring-aop\5.0.12.RELEASE\spring-aop-5.0.12.RELEASE.jar;C:\Users\ducer\.m2\repository\org\springframework\security\spring-security-config\5.0.11.RELEASE\spring-security-config-5.0.11.RELEASE.jar;C:\Users\ducer\.m2\repository\org\springframework\security\spring-security-web\5.0.11.RELEASE\spring-security-web-5.0.11.RELEASE.jar;C:\Users\ducer\.m2\repository\org\springframework\spring-expression\5.0.12.RELEASE\spring-expression-5.0.12.RELEASE.jar;C:\Users\ducer\.m2\repository\org\springframework\boot\spring-boot-starter-web\2.0.8.BUILD-SNAPSHOT\spring-boot-starter-web-2.0.8.BUILD-SNAPSHOT.jar;C:\Users\ducer\.m2\repository\org\springframework\boot\spring-boot-starter-json\2.0.8.BUILD-SNAPSHOT\spring-boot-starter-json-2.0.8.BUILD-SNAPSHOT.jar;C:\Users\ducer\.m2\repository\com\fasterxml\jackson\datatype\jackson-datatype-jdk8\2.9.6\jackson-datatype-jdk8-2.9.6.jar;C:\Users\ducer\.m2\repository\com\fasterxml\jackson\datatype\jackson-datatype-jsr310\2.9.6\jackson-datatype-jsr310-2.9.6.jar;C:\Users\ducer\.m2\repository\com\fasterxml\jackson\module\jackson-module-parameter-names\2.9.6\jackson-module-parameter-names-2.9.6.jar;C:\Users\ducer\.m2\repository\org\springframework\boot\spring-boot-starter-tomcat\2.0.8.BUILD-SNAPSHOT\spring-boot-starter-tomcat-2.0.8.BUILD-SNAPSHOT.jar;C:\Users\ducer\.m2\repository\org\apache\tomcat\embed\tomcat-embed-core\8.5.37\tomcat-embed-core-8.5.37.jar;C:\Users\ducer\.m2\repository\org\apache\tomcat\embed\tomcat-embed-el\8.5.37\tomcat-embed-el-8.5.37.jar;C:\Users\ducer\.m2\repository\org\apache\tomcat\embed\tomcat-embed-websocket\8.5.37\tomcat-embed-websocket-8.5.37.jar;C:\Users\ducer\.m2\repository\org\hibernate\validator\hibernate-validator\6.0.14.Final\hibernate-validator-6.0.14.Final.jar;C:\Users\ducer\.m2\repository\org\springframework\spring-web\5.0.12.RELEASE\spring-web-5.0.12.RELEASE.jar;C:\Users\ducer\.m2\repository\org\springframework\spring-webmvc\5.0.12.RELEASE\spring-webmvc-5.0.12.RELEASE.jar;C:\Users\ducer\.m2\repository\mysql\mysql-connector-java\5.1.47\mysql-connector-java-5.1.47.jar;C:\Users\ducer\.m2\repository\org\springframework\boot\spring-boot-starter-test\2.0.8.BUILD-SNAPSHOT\spring-boot-starter-test-2.0.8.BUILD-SNAPSHOT.jar;C:\Users\ducer\.m2\repository\org\springframework\boot\spring-boot-test\2.0.8.BUILD-SNAPSHOT\spring-boot-test-2.0.8.BUILD-SNAPSHOT.jar;C:\Users\ducer\.m2\repository\org\springframework\boot\spring-boot-test-autoconfigure\2.0.8.BUILD-SNAPSHOT\spring-boot-test-autoconfigure-2.0.8.BUILD-SNAPSHOT.jar;C:\Users\ducer\.m2\repository\com\jayway\jsonpath\json-path\2.4.0\json-path-2.4.0.jar;C:\Users\ducer\.m2\repository\junit\junit\4.12\junit-4.12.jar;C:\Users\ducer\.m2\repository\org\assertj\assertj-core\3.9.1\assertj-core-3.9.1.jar;C:\Users\ducer\.m2\repository\org\mockito\mockito-core\2.15.0\mockito-core-2.15.0.jar;C:\Users\ducer\.m2\repository\net\bytebuddy\byte-buddy\1.7.11\byte-buddy-1.7.11.jar;C:\Users\ducer\.m2\repository\net\bytebuddy\byte-buddy-agent\1.7.11\byte-buddy-agent-1.7.11.jar;C:\Users\ducer\.m2\repository\org\objenesis\objenesis\2.6\objenesis-2.6.jar;C:\Users\ducer\.m2\repository\org\hamcrest\hamcrest-core\1.3\hamcrest-core-1.3.jar;C:\Users\ducer\.m2\repository\org\hamcrest\hamcrest-library\1.3\hamcrest-library-1.3.jar;C:\Users\ducer\.m2\repository\org\skyscreamer\jsonassert\1.5.0\jsonassert-1.5.0.jar;C:\Users\ducer\.m2\repository\com\vaadin\external\google\android-json\0.0.20131108.vaadin1\android-json-0.0.20131108.vaadin1.jar;C:\Users\ducer\.m2\repository\org\springframework\spring-core\5.0.12.RELEASE\spring-core-5.0.12.RELEASE.jar;C:\Users\ducer\.m2\repository\org\springframework\spring-jcl\5.0.12.RELEASE\spring-jcl-5.0.12.RELEASE.jar;C:\Users\ducer\.m2\repository\org\xmlunit\xmlunit-core\2.5.1\xmlunit-core-2.5.1.jar;C:\Users\ducer\.m2\repository\javax\xml\bind\jaxb-api\2.3.0\jaxb-api-2.3.0.jar;C:\Users\ducer\.m2\repository\org\springframework\security\spring-security-test\5.0.11.RELEASE\spring-security-test-5.0.11.RELEASE.jar;C:\Users\ducer\.m2\repository\org\springframework\security\spring-security-core\5.0.11.RELEASE\spring-security-core-5.0.11.RELEASE.jar;C:\Users\ducer\.m2\repository\org\zalando\problem-spring-web\0.24.0-RC.0\problem-spring-web-0.24.0-RC.0.jar;C:\Users\ducer\.m2\repository\org\zalando\problem-violations\0.24.0-RC.0\problem-violations-0.24.0-RC.0.jar;C:\Users\ducer\.m2\repository\org\zalando\problem-spring-common\0.24.0-RC.0\problem-spring-common-0.24.0-RC.0.jar;C:\Users\ducer\.m2\repository\org\apiguardian\apiguardian-api\1.0.0\apiguardian-api-1.0.0.jar;C:\Users\ducer\.m2\repository\com\google\code\findbugs\jsr305\3.0.2\jsr305-3.0.2.jar;C:\Users\ducer\.m2\repository\org\slf4j\slf4j-api\1.7.25\slf4j-api-1.7.25.jar;C:\Users\ducer\.m2\repository\org\zalando\problem\0.21.0\problem-0.21.0.jar;C:\Users\ducer\.m2\repository\org\zalando\jackson-datatype-problem\0.21.0\jackson-datatype-problem-0.21.0.jar;C:\Users\ducer\.m2\repository\org\zalando\faux-pas\0.8.0\faux-pas-0.8.0.jar;C:\Users\ducer\.m2\repository\javax\validation\validation-api\2.0.1.Final\validation-api-2.0.1.Final.jar;C:\Users\ducer\.m2\repository\io\jsonwebtoken\jjwt-impl\0.10.5\jjwt-impl-0.10.5.jar;C:\Users\ducer\.m2\repository\io\jsonwebtoken\jjwt-api\0.10.5\jjwt-api-0.10.5.jar;C:\Users\ducer\.m2\repository\commons-fileupload\commons-fileupload\1.3.3\commons-fileupload-1.3.3.jar;C:\Users\ducer\.m2\repository\commons-codec\commons-codec\1.11\commons-codec-1.11.jar;C:\Users\ducer\.m2\repository\org\apache\commons\commons-lang3\3.7\commons-lang3-3.7.jar;C:\Users\ducer\.m2\repository\org\mapstruct\mapstruct-jdk8\1.1.0.Final\mapstruct-jdk8-1.1.0.Final.jar;C:\Users\ducer\.m2\repository\io\jsonwebtoken\jjwt\0.6.0\jjwt-0.6.0.jar;C:\Users\ducer\.m2\repository\org\java-websocket\Java-WebSocket\1.3.0\Java-WebSocket-1.3.0.jar;C:\Users\ducer\.m2\repository\com\nimbusds\nimbus-jose-jwt\4.20\nimbus-jose-jwt-4.20.jar;C:\Users\ducer\.m2\repository\com\github\stephenc\jcip\jcip-annotations\1.0-1\jcip-annotations-1.0-1.jar;C:\Users\ducer\.m2\repository\net\minidev\json-smart\1.3.1\json-smart-1.3.1.jar;C:\Users\ducer\.m2\repository\commons-io\commons-io\2.6\commons-io-2.6.jar;C:\Users\ducer\.m2\repository\org\springframework\spring-test\5.1.6.RELEASE\spring-test-5.1.6.RELEASE.jar;, user.name=ducer, java.vm.specification.version=1.8, sun.java.command=C:\Users\ducer\AppData\Local\Temp\surefire620847562776905403\surefirebooter8142727283426324083.jar C:\Users\ducer\AppData\Local\Temp\surefire620847562776905403 2019-05-28T21-45-58_878-jvmRun1 surefire5640354279040087991tmp surefire_05682085119060953105tmp, java.home=C:\Program Files\Java\jdk1.8.0_201\jre, sun.arch.data.model=64, user.language=en, java.specification.vendor=Oracle Corporation, awt.toolkit=sun.awt.windows.WToolkit, java.vm.info=mixed mode, java.version=1.8.0_201, java.ext.dirs=C:\Program Files\Java\jdk1.8.0_201\jre\lib\ext;C:\Windows\Sun\Java\lib\ext, sun.boot.class.path=C:\Program Files\Java\jdk1.8.0_201\jre\lib\resources.jar;C:\Program Files\Java\jdk1.8.0_201\jre\lib\rt.jar;C:\Program Files\Java\jdk1.8.0_201\jre\lib\sunrsasign.jar;C:\Program Files\Java\jdk1.8.0_201\jre\lib\jsse.jar;C:\Program Files\Java\jdk1.8.0_201\jre\lib\jce.jar;C:\Program Files\Java\jdk1.8.0_201\jre\lib\charsets.jar;C:\Program Files\Java\jdk1.8.0_201\jre\lib\jfr.jar;C:\Program Files\Java\jdk1.8.0_201\jre\classes, java.vendor=Oracle Corporation, localRepository=C:\Users\ducer\.m2\repository, file.separator=\, java.vendor.url.bug=http://bugreport.sun.com/bugreport/, idea.version2019.1=true, sun.io.unicode.encoding=UnicodeLittle, sun.cpu.endian=little, sun.desktop=windows, sun.cpu.isalist=amd64}}, SystemEnvironmentPropertySource@624271064 {name='systemEnvironment', properties={PATH=C:\Program Files (x86)\Common Files\Oracle\Java\javapath;C:\Windows\system32;C:\Windows;C:\Windows\System32\Wbem;C:\Windows\System32\WindowsPowerShell\v1.0\;C:\Windows\System32\OpenSSH\;%JAVA_HOME%\bin;%MAVEN_HOME%\bin;C:\Program Files\nodejs\;C:\Program Files\Microsoft\Web Platform Installer\;C:\Program Files (x86)\Microsoft ASP.NET\ASP.NET Web Pages\v1.0\;C:\Program Files (x86)\Windows Kits\8.0\Windows Performance Toolkit\;C:\Program Files\Microsoft SQL Server\110\Tools\Binn\;C:\Users\ducer\AppData\Local\Microsoft\WindowsApps;;C:\Users\ducer\AppData\Local\Programs\Microsoft VS Code\bin;C:\Users\ducer\AppData\Roaming\npm, USERDOMAIN_ROAMINGPROFILE=DESKTOP-QOJ2C23, LOCALAPPDATA=C:\Users\ducer\AppData\Local, PROCESSOR_LEVEL=6, SYSTEMDRIVE=C:, COMMONPROGRAMFILES(X86)=C:\Program Files (x86)\Common Files, USERDOMAIN=DESKTOP-QOJ2C23, FPS_BROWSER_APP_PROFILE_STRING=Internet Explorer, LOGONSERVER=\\DESKTOP-QOJ2C23, JAVA_HOME=C:\Program Files\Java\jdk1.8.0_201, PROMPT=$P$G, SESSIONNAME=Console, ALLUSERSPROFILE=C:\ProgramData, PROGRAMFILES(X86)=C:\Program Files (x86), PROCESSOR_ARCHITECTURE=AMD64, DRIVERDATA=C:\Windows\System32\Drivers\DriverData, =E:=E:\QuanLyDaoTao\Back-end, MAVEN_HOME=C:\Program Files\maven\apache-maven-3.6.1-bin\apache-maven-3.6.1, PROGRAMFILES=C:\Program Files, APPDATA=C:\Users\ducer\AppData\Roaming, PSMODULEPATH=C:\Program Files\WindowsPowerShell\Modules;C:\Windows\system32\WindowsPowerShell\v1.0\Modules, PROGRAMW6432=C:\Program Files, PROGRAMDATA=C:\ProgramData, SYSTEMROOT=C:\Windows, USERNAME=ducer, VBOX_MSI_INSTALL_PATH=C:\Program Files\Oracle\VirtualBox\, FPS_BROWSER_USER_PROFILE_STRING=Default, ONEDRIVE=C:\Users\ducer\OneDrive, PATHEXT=.COM;.EXE;.BAT;.CMD;.VBS;.VBE;.JS;.JSE;.WSF;.WSH;.MSC, OS=Windows_NT, COMMONPROGRAMW6432=C:\Program Files\Common Files, COMPUTERNAME=DESKTOP-QOJ2C23, COMMONPROGRAMFILES=C:\Program Files\Common Files, COMSPEC=C:\Windows\system32\cmd.exe, PROCESSOR_REVISION=170a, WINDIR=C:\Windows, HOMEPATH=\Users\ducer, TEMP=C:\Users\ducer\AppData\Local\Temp, HOMEDRIVE=C:, PROCESSOR_IDENTIFIER=Intel64 Family 6 Model 23 Stepping 10, GenuineIntel, USERPROFILE=C:\Users\ducer, TMP=C:\Users\ducer\AppData\Local\Temp, VS110COMNTOOLS=C:\Program Files (x86)\Microsoft Visual Studio 11.0\Common7\Tools\, PUBLIC=C:\Users\Public, NUMBER_OF_PROCESSORS=2, =::=::\}}]
21:46:06.958 [main] DEBUG org.springframework.core.io.support.PathMatchingResourcePatternResolver - Resolved classpath location [com/huyduc/manage/] to resources [URL [file:/E:/QuanLyDaoTao/Back-end/target/test-classes/com/huyduc/manage/], URL [file:/E:/QuanLyDaoTao/Back-end/target/classes/com/huyduc/manage/]]
21:46:06.961 [main] DEBUG org.springframework.core.io.support.PathMatchingResourcePatternResolver - Looking for matching resources in directory tree [E:\QuanLyDaoTao\Back-end\target\test-classes\com\huyduc\manage]
21:46:06.961 [main] DEBUG org.springframework.core.io.support.PathMatchingResourcePatternResolver - Searching directory [E:\QuanLyDaoTao\Back-end\target\test-classes\com\huyduc\manage] for files matching pattern [E:/QuanLyDaoTao/Back-end/target/test-classes/com/huyduc/manage/*.class]
21:46:06.966 [main] DEBUG org.springframework.core.io.support.PathMatchingResourcePatternResolver - Looking for matching resources in directory tree [E:\QuanLyDaoTao\Back-end\target\classes\com\huyduc\manage]
21:46:06.967 [main] DEBUG org.springframework.core.io.support.PathMatchingResourcePatternResolver - Searching directory [E:\QuanLyDaoTao\Back-end\target\classes\com\huyduc\manage] for files matching pattern [E:/QuanLyDaoTao/Back-end/target/classes/com/huyduc/manage/*.class]
21:46:06.969 [main] DEBUG org.springframework.core.io.support.PathMatchingResourcePatternResolver - Resolved location pattern [classpath*:com/huyduc/manage/*.class] to resources [file [E:\QuanLyDaoTao\Back-end\target\test-classes\com\huyduc\manage\ManageApplicationTests.class], file [E:\QuanLyDaoTao\Back-end\target\classes\com\huyduc\manage\ManageApplication.class]]
21:46:07.136 [main] DEBUG org.springframework.context.annotation.ClassPathScanningCandidateComponentProvider - Identified candidate component class: file [E:\QuanLyDaoTao\Back-end\target\classes\com\huyduc\manage\ManageApplication.class]
21:46:07.139 [main] INFO org.springframework.boot.test.context.SpringBootTestContextBootstrapper - Found @SpringBootConfiguration com.huyduc.manage.ManageApplication for test class com.huyduc.manage.ManageApplicationTests
21:46:07.879 [main] DEBUG org.springframework.boot.test.context.SpringBootTestContextBootstrapper - @TestExecutionListeners is not present for class [com.huyduc.manage.ManageApplicationTests]: using defaults.
21:46:07.901 [main] INFO org.springframework.boot.test.context.SpringBootTestContextBootstrapper - Loaded default TestExecutionListener class names from location [META-INF/spring.factories]: [org.springframework.boot.test.mock.mockito.MockitoTestExecutionListener, org.springframework.boot.test.mock.mockito.ResetMocksTestExecutionListener, org.springframework.boot.test.autoconfigure.restdocs.RestDocsTestExecutionListener, org.springframework.boot.test.autoconfigure.web.client.MockRestServiceServerResetTestExecutionListener, org.springframework.boot.test.autoconfigure.web.servlet.MockMvcPrintOnlyOnFailureTestExecutionListener, org.springframework.boot.test.autoconfigure.web.servlet.WebDriverTestExecutionListener, org.springframework.security.test.context.support.WithSecurityContextTestExecutionListener, org.springframework.security.test.context.support.ReactorContextTestExecutionListener, org.springframework.test.context.web.ServletTestExecutionListener, org.springframework.test.context.support.DirtiesContextBeforeModesTestExecutionListener, org.springframework.test.context.support.DependencyInjectionTestExecutionListener, org.springframework.test.context.support.DirtiesContextTestExecutionListener, org.springframework.test.context.transaction.TransactionalTestExecutionListener, org.springframework.test.context.jdbc.SqlScriptsTestExecutionListener]
21:46:08.014 [main] INFO org.springframework.boot.test.context.SpringBootTestContextBootstrapper - Using TestExecutionListeners: [org.springframework.test.context.web.ServletTestExecutionListener@65e98b1c, org.springframework.test.context.support.DirtiesContextBeforeModesTestExecutionListener@61322f9d, org.springframework.boot.test.mock.mockito.MockitoTestExecutionListener@6ad82709, org.springframework.boot.test.autoconfigure.SpringBootDependencyInjectionTestExecutionListener@510f3d34, org.springframework.test.context.support.DirtiesContextTestExecutionListener@7817fd62, org.springframework.test.context.transaction.TransactionalTestExecutionListener@8297b3a, org.springframework.test.context.jdbc.SqlScriptsTestExecutionListener@2362f559, org.springframework.security.test.context.support.WithSecurityContextTestExecutionListener@b2c9a9c, org.springframework.security.test.context.support.ReactorContextTestExecutionListener@4c178a76, org.springframework.boot.test.mock.mockito.ResetMocksTestExecutionListener@fa4c865, org.springframework.boot.test.autoconfigure.restdocs.RestDocsTestExecutionListener@3bd82cf5, org.springframework.boot.test.autoconfigure.web.client.MockRestServiceServerResetTestExecutionListener@544fa968, org.springframework.boot.test.autoconfigure.web.servlet.MockMvcPrintOnlyOnFailureTestExecutionListener@247bddad, org.springframework.boot.test.autoconfigure.web.servlet.WebDriverTestExecutionListener@d35dea7]
21:46:08.033 [main] DEBUG org.springframework.test.annotation.ProfileValueUtils - Retrieved @ProfileValueSourceConfiguration [null] for test class [com.huyduc.manage.ManageApplicationTests]
21:46:08.034 [main] DEBUG org.springframework.test.annotation.ProfileValueUtils - Retrieved ProfileValueSource type [class org.springframework.test.annotation.SystemProfileValueSource] for class [com.huyduc.manage.ManageApplicationTests]
21:46:08.037 [main] DEBUG org.springframework.test.annotation.ProfileValueUtils - Retrieved @ProfileValueSourceConfiguration [null] for test class [com.huyduc.manage.ManageApplicationTests]
21:46:08.038 [main] DEBUG org.springframework.test.annotation.ProfileValueUtils - Retrieved ProfileValueSource type [class org.springframework.test.annotation.SystemProfileValueSource] for class [com.huyduc.manage.ManageApplicationTests]
21:46:08.049 [main] DEBUG org.springframework.test.annotation.ProfileValueUtils - Retrieved @ProfileValueSourceConfiguration [null] for test class [com.huyduc.manage.ManageApplicationTests]
21:46:08.051 [main] DEBUG org.springframework.test.annotation.ProfileValueUtils - Retrieved ProfileValueSource type [class org.springframework.test.annotation.SystemProfileValueSource] for class [com.huyduc.manage.ManageApplicationTests]
21:46:08.057 [main] DEBUG org.springframework.test.context.support.AbstractDirtiesContextTestExecutionListener - Before test class: context [DefaultTestContext@17f7cd29 testClass = ManageApplicationTests, testInstance = [null], testMethod = [null], testException = [null], mergedContextConfiguration = [WebMergedContextConfiguration@7d8704ef testClass = ManageApplicationTests, locations = '{}', classes = '{class com.huyduc.manage.ManageApplication}', contextInitializerClasses = '[]', activeProfiles = '{}', propertySourceLocations = '{}', propertySourceProperties = '{org.springframework.boot.test.context.SpringBootTestContextBootstrapper=true}', contextCustomizers = set[org.springframework.boot.test.context.filter.ExcludeFilterContextCustomizer@4ae82894, org.springframework.boot.test.json.DuplicateJsonObjectContextCustomizerFactory$DuplicateJsonObjectContextCustomizer@1da51a35, org.springframework.boot.test.mock.mockito.MockitoContextCustomizer@0, org.springframework.boot.test.web.client.TestRestTemplateContextCustomizer@27fe3806, org.springframework.boot.test.autoconfigure.properties.PropertyMappingContextCustomizer@0, org.springframework.boot.test.autoconfigure.web.servlet.WebDriverContextCustomizerFactory$Customizer@2a40cd94], resourceBasePath = 'src/main/webapp', contextLoader = 'org.springframework.boot.test.context.SpringBootContextLoader', parent = [null]], attributes = map['org.springframework.test.context.web.ServletTestExecutionListener.activateListener' -> true]], class annotated with @DirtiesContext [false] with mode [null].
21:46:08.106 [main] DEBUG org.springframework.test.annotation.ProfileValueUtils - Retrieved @ProfileValueSourceConfiguration [null] for test class [com.huyduc.manage.ManageApplicationTests]
21:46:08.106 [main] DEBUG org.springframework.test.annotation.ProfileValueUtils - Retrieved ProfileValueSource type [class org.springframework.test.annotation.SystemProfileValueSource] for class [com.huyduc.manage.ManageApplicationTests]
21:46:08.347 [main] DEBUG org.springframework.core.env.StandardEnvironment - Adding PropertySource 'systemProperties' with lowest search precedence
21:46:08.348 [main] DEBUG org.springframework.core.env.StandardEnvironment - Adding PropertySource 'systemEnvironment' with lowest search precedence
21:46:08.349 [main] DEBUG org.springframework.core.env.StandardEnvironment - Initialized StandardEnvironment with PropertySources [MapPropertySource@262366552 {name='systemProperties', properties={java.runtime.name=Java(TM) SE Runtime Environment, sun.boot.library.path=C:\Program Files\Java\jdk1.8.0_201\jre\bin, java.vm.version=25.201-b09, java.vm.vendor=Oracle Corporation, java.vendor.url=http://java.oracle.com/, path.separator=;, java.vm.name=Java HotSpot(TM) 64-Bit Server VM, file.encoding.pkg=sun.io, user.country=US, user.script=, sun.java.launcher=SUN_STANDARD, sun.os.patch.level=, java.vm.specification.name=Java Virtual Machine Specification, user.dir=E:\QuanLyDaoTao\Back-end, java.runtime.version=1.8.0_201-b09, basedir=E:\QuanLyDaoTao\Back-end, java.awt.graphicsenv=sun.awt.Win32GraphicsEnvironment, java.endorsed.dirs=C:\Program Files\Java\jdk1.8.0_201\jre\lib\endorsed, os.arch=amd64, surefire.real.class.path=C:\Users\ducer\AppData\Local\Temp\surefire620847562776905403\surefirebooter8142727283426324083.jar, java.io.tmpdir=C:\Users\ducer\AppData\Local\Temp\, line.separator=
, java.vm.specification.vendor=Oracle Corporation, user.variant=, os.name=Windows 10, sun.jnu.encoding=Cp1252, java.library.path=C:\Program Files\Java\jdk1.8.0_201\jre\bin;C:\Windows\Sun\Java\bin;C:\Windows\system32;C:\Windows;C:\Program Files (x86)\Common Files\Oracle\Java\javapath;C:\Windows\system32;C:\Windows;C:\Windows\System32\Wbem;C:\Windows\System32\WindowsPowerShell\v1.0\;C:\Windows\System32\OpenSSH\;%JAVA_HOME%\bin;%MAVEN_HOME%\bin;C:\Program Files\nodejs\;C:\Program Files\Microsoft\Web Platform Installer\;C:\Program Files (x86)\Microsoft ASP.NET\ASP.NET Web Pages\v1.0\;C:\Program Files (x86)\Windows Kits\8.0\Windows Performance Toolkit\;C:\Program Files\Microsoft SQL Server\110\Tools\Binn\;C:\Users\ducer\AppData\Local\Microsoft\WindowsApps;;C:\Users\ducer\AppData\Local\Programs\Microsoft VS Code\bin;C:\Users\ducer\AppData\Roaming\npm;., surefire.test.class.path=E:\QuanLyDaoTao\Back-end\target\test-classes;E:\QuanLyDaoTao\Back-end\target\classes;C:\Users\ducer\.m2\repository\io\jsonwebtoken\jjwt-jackson\0.10.5\jjwt-jackson-0.10.5.jar;C:\Users\ducer\.m2\repository\com\fasterxml\jackson\core\jackson-databind\2.9.6\jackson-databind-2.9.6.jar;C:\Users\ducer\.m2\repository\com\fasterxml\jackson\core\jackson-annotations\2.9.0\jackson-annotations-2.9.0.jar;C:\Users\ducer\.m2\repository\com\fasterxml\jackson\core\jackson-core\2.9.6\jackson-core-2.9.6.jar;C:\Users\ducer\.m2\repository\org\springframework\boot\spring-boot-starter-data-jpa\2.0.8.BUILD-SNAPSHOT\spring-boot-starter-data-jpa-2.0.8.BUILD-SNAPSHOT.jar;C:\Users\ducer\.m2\repository\org\springframework\boot\spring-boot-starter\2.0.8.BUILD-SNAPSHOT\spring-boot-starter-2.0.8.BUILD-SNAPSHOT.jar;C:\Users\ducer\.m2\repository\org\springframework\boot\spring-boot\2.0.8.BUILD-SNAPSHOT\spring-boot-2.0.8.BUILD-SNAPSHOT.jar;C:\Users\ducer\.m2\repository\org\springframework\boot\spring-boot-autoconfigure\2.0.8.BUILD-SNAPSHOT\spring-boot-autoconfigure-2.0.8.BUILD-SNAPSHOT.jar;C:\Users\ducer\.m2\repository\org\springframework\boot\spring-boot-starter-logging\2.0.8.BUILD-SNAPSHOT\spring-boot-starter-logging-2.0.8.BUILD-SNAPSHOT.jar;C:\Users\ducer\.m2\repository\ch\qos\logback\logback-classic\1.2.3\logback-classic-1.2.3.jar;C:\Users\ducer\.m2\repository\ch\qos\logback\logback-core\1.2.3\logback-core-1.2.3.jar;C:\Users\ducer\.m2\repository\org\apache\logging\log4j\log4j-to-slf4j\2.10.0\log4j-to-slf4j-2.10.0.jar;C:\Users\ducer\.m2\repository\org\apache\logging\log4j\log4j-api\2.10.0\log4j-api-2.10.0.jar;C:\Users\ducer\.m2\repository\org\slf4j\jul-to-slf4j\1.7.25\jul-to-slf4j-1.7.25.jar;C:\Users\ducer\.m2\repository\javax\annotation\javax.annotation-api\1.3.2\javax.annotation-api-1.3.2.jar;C:\Users\ducer\.m2\repository\org\yaml\snakeyaml\1.19\snakeyaml-1.19.jar;C:\Users\ducer\.m2\repository\org\springframework\boot\spring-boot-starter-aop\2.0.8.BUILD-SNAPSHOT\spring-boot-starter-aop-2.0.8.BUILD-SNAPSHOT.jar;C:\Users\ducer\.m2\repository\org\aspectj\aspectjweaver\1.8.13\aspectjweaver-1.8.13.jar;C:\Users\ducer\.m2\repository\org\springframework\boot\spring-boot-starter-jdbc\2.0.8.BUILD-SNAPSHOT\spring-boot-starter-jdbc-2.0.8.BUILD-SNAPSHOT.jar;C:\Users\ducer\.m2\repository\com\zaxxer\HikariCP\2.7.9\HikariCP-2.7.9.jar;C:\Users\ducer\.m2\repository\org\springframework\spring-jdbc\5.0.12.RELEASE\spring-jdbc-5.0.12.RELEASE.jar;C:\Users\ducer\.m2\repository\javax\transaction\javax.transaction-api\1.2\javax.transaction-api-1.2.jar;C:\Users\ducer\.m2\repository\org\hibernate\hibernate-core\5.2.17.Final\hibernate-core-5.2.17.Final.jar;C:\Users\ducer\.m2\repository\org\jboss\logging\jboss-logging\3.3.2.Final\jboss-logging-3.3.2.Final.jar;C:\Users\ducer\.m2\repository\org\hibernate\javax\persistence\hibernate-jpa-2.1-api\1.0.2.Final\hibernate-jpa-2.1-api-1.0.2.Final.jar;C:\Users\ducer\.m2\repository\org\javassist\javassist\3.22.0-GA\javassist-3.22.0-GA.jar;C:\Users\ducer\.m2\repository\antlr\antlr\2.7.7\antlr-2.7.7.jar;C:\Users\ducer\.m2\repository\org\jboss\jandex\2.0.3.Final\jandex-2.0.3.Final.jar;C:\Users\ducer\.m2\repository\com\fasterxml\classmate\1.3.4\classmate-1.3.4.jar;C:\Users\ducer\.m2\repository\dom4j\dom4j\1.6.1\dom4j-1.6.1.jar;C:\Users\ducer\.m2\repository\org\hibernate\common\hibernate-commons-annotations\5.0.1.Final\hibernate-commons-annotations-5.0.1.Final.jar;C:\Users\ducer\.m2\repository\org\springframework\data\spring-data-jpa\2.0.13.RELEASE\spring-data-jpa-2.0.13.RELEASE.jar;C:\Users\ducer\.m2\repository\org\springframework\data\spring-data-commons\2.0.13.RELEASE\spring-data-commons-2.0.13.RELEASE.jar;C:\Users\ducer\.m2\repository\org\springframework\spring-orm\5.0.12.RELEASE\spring-orm-5.0.12.RELEASE.jar;C:\Users\ducer\.m2\repository\org\springframework\spring-context\5.0.12.RELEASE\spring-context-5.0.12.RELEASE.jar;C:\Users\ducer\.m2\repository\org\springframework\spring-tx\5.0.12.RELEASE\spring-tx-5.0.12.RELEASE.jar;C:\Users\ducer\.m2\repository\org\springframework\spring-beans\5.0.12.RELEASE\spring-beans-5.0.12.RELEASE.jar;C:\Users\ducer\.m2\repository\org\springframework\spring-aspects\5.0.12.RELEASE\spring-aspects-5.0.12.RELEASE.jar;C:\Users\ducer\.m2\repository\org\springframework\boot\spring-boot-starter-security\2.0.8.BUILD-SNAPSHOT\spring-boot-starter-security-2.0.8.BUILD-SNAPSHOT.jar;C:\Users\ducer\.m2\repository\org\springframework\spring-aop\5.0.12.RELEASE\spring-aop-5.0.12.RELEASE.jar;C:\Users\ducer\.m2\repository\org\springframework\security\spring-security-config\5.0.11.RELEASE\spring-security-config-5.0.11.RELEASE.jar;C:\Users\ducer\.m2\repository\org\springframework\security\spring-security-web\5.0.11.RELEASE\spring-security-web-5.0.11.RELEASE.jar;C:\Users\ducer\.m2\repository\org\springframework\spring-expression\5.0.12.RELEASE\spring-expression-5.0.12.RELEASE.jar;C:\Users\ducer\.m2\repository\org\springframework\boot\spring-boot-starter-web\2.0.8.BUILD-SNAPSHOT\spring-boot-starter-web-2.0.8.BUILD-SNAPSHOT.jar;C:\Users\ducer\.m2\repository\org\springframework\boot\spring-boot-starter-json\2.0.8.BUILD-SNAPSHOT\spring-boot-starter-json-2.0.8.BUILD-SNAPSHOT.jar;C:\Users\ducer\.m2\repository\com\fasterxml\jackson\datatype\jackson-datatype-jdk8\2.9.6\jackson-datatype-jdk8-2.9.6.jar;C:\Users\ducer\.m2\repository\com\fasterxml\jackson\datatype\jackson-datatype-jsr310\2.9.6\jackson-datatype-jsr310-2.9.6.jar;C:\Users\ducer\.m2\repository\com\fasterxml\jackson\module\jackson-module-parameter-names\2.9.6\jackson-module-parameter-names-2.9.6.jar;C:\Users\ducer\.m2\repository\org\springframework\boot\spring-boot-starter-tomcat\2.0.8.BUILD-SNAPSHOT\spring-boot-starter-tomcat-2.0.8.BUILD-SNAPSHOT.jar;C:\Users\ducer\.m2\repository\org\apache\tomcat\embed\tomcat-embed-core\8.5.37\tomcat-embed-core-8.5.37.jar;C:\Users\ducer\.m2\repository\org\apache\tomcat\embed\tomcat-embed-el\8.5.37\tomcat-embed-el-8.5.37.jar;C:\Users\ducer\.m2\repository\org\apache\tomcat\embed\tomcat-embed-websocket\8.5.37\tomcat-embed-websocket-8.5.37.jar;C:\Users\ducer\.m2\repository\org\hibernate\validator\hibernate-validator\6.0.14.Final\hibernate-validator-6.0.14.Final.jar;C:\Users\ducer\.m2\repository\org\springframework\spring-web\5.0.12.RELEASE\spring-web-5.0.12.RELEASE.jar;C:\Users\ducer\.m2\repository\org\springframework\spring-webmvc\5.0.12.RELEASE\spring-webmvc-5.0.12.RELEASE.jar;C:\Users\ducer\.m2\repository\mysql\mysql-connector-java\5.1.47\mysql-connector-java-5.1.47.jar;C:\Users\ducer\.m2\repository\org\springframework\boot\spring-boot-starter-test\2.0.8.BUILD-SNAPSHOT\spring-boot-starter-test-2.0.8.BUILD-SNAPSHOT.jar;C:\Users\ducer\.m2\repository\org\springframework\boot\spring-boot-test\2.0.8.BUILD-SNAPSHOT\spring-boot-test-2.0.8.BUILD-SNAPSHOT.jar;C:\Users\ducer\.m2\repository\org\springframework\boot\spring-boot-test-autoconfigure\2.0.8.BUILD-SNAPSHOT\spring-boot-test-autoconfigure-2.0.8.BUILD-SNAPSHOT.jar;C:\Users\ducer\.m2\repository\com\jayway\jsonpath\json-path\2.4.0\json-path-2.4.0.jar;C:\Users\ducer\.m2\repository\junit\junit\4.12\junit-4.12.jar;C:\Users\ducer\.m2\repository\org\assertj\assertj-core\3.9.1\assertj-core-3.9.1.jar;C:\Users\ducer\.m2\repository\org\mockito\mockito-core\2.15.0\mockito-core-2.15.0.jar;C:\Users\ducer\.m2\repository\net\bytebuddy\byte-buddy\1.7.11\byte-buddy-1.7.11.jar;C:\Users\ducer\.m2\repository\net\bytebuddy\byte-buddy-agent\1.7.11\byte-buddy-agent-1.7.11.jar;C:\Users\ducer\.m2\repository\org\objenesis\objenesis\2.6\objenesis-2.6.jar;C:\Users\ducer\.m2\repository\org\hamcrest\hamcrest-core\1.3\hamcrest-core-1.3.jar;C:\Users\ducer\.m2\repository\org\hamcrest\hamcrest-library\1.3\hamcrest-library-1.3.jar;C:\Users\ducer\.m2\repository\org\skyscreamer\jsonassert\1.5.0\jsonassert-1.5.0.jar;C:\Users\ducer\.m2\repository\com\vaadin\external\google\android-json\0.0.20131108.vaadin1\android-json-0.0.20131108.vaadin1.jar;C:\Users\ducer\.m2\repository\org\springframework\spring-core\5.0.12.RELEASE\spring-core-5.0.12.RELEASE.jar;C:\Users\ducer\.m2\repository\org\springframework\spring-jcl\5.0.12.RELEASE\spring-jcl-5.0.12.RELEASE.jar;C:\Users\ducer\.m2\repository\org\xmlunit\xmlunit-core\2.5.1\xmlunit-core-2.5.1.jar;C:\Users\ducer\.m2\repository\javax\xml\bind\jaxb-api\2.3.0\jaxb-api-2.3.0.jar;C:\Users\ducer\.m2\repository\org\springframework\security\spring-security-test\5.0.11.RELEASE\spring-security-test-5.0.11.RELEASE.jar;C:\Users\ducer\.m2\repository\org\springframework\security\spring-security-core\5.0.11.RELEASE\spring-security-core-5.0.11.RELEASE.jar;C:\Users\ducer\.m2\repository\org\zalando\problem-spring-web\0.24.0-RC.0\problem-spring-web-0.24.0-RC.0.jar;C:\Users\ducer\.m2\repository\org\zalando\problem-violations\0.24.0-RC.0\problem-violations-0.24.0-RC.0.jar;C:\Users\ducer\.m2\repository\org\zalando\problem-spring-common\0.24.0-RC.0\problem-spring-common-0.24.0-RC.0.jar;C:\Users\ducer\.m2\repository\org\apiguardian\apiguardian-api\1.0.0\apiguardian-api-1.0.0.jar;C:\Users\ducer\.m2\repository\com\google\code\findbugs\jsr305\3.0.2\jsr305-3.0.2.jar;C:\Users\ducer\.m2\repository\org\slf4j\slf4j-api\1.7.25\slf4j-api-1.7.25.jar;C:\Users\ducer\.m2\repository\org\zalando\problem\0.21.0\problem-0.21.0.jar;C:\Users\ducer\.m2\repository\org\zalando\jackson-datatype-problem\0.21.0\jackson-datatype-problem-0.21.0.jar;C:\Users\ducer\.m2\repository\org\zalando\faux-pas\0.8.0\faux-pas-0.8.0.jar;C:\Users\ducer\.m2\repository\javax\validation\validation-api\2.0.1.Final\validation-api-2.0.1.Final.jar;C:\Users\ducer\.m2\repository\io\jsonwebtoken\jjwt-impl\0.10.5\jjwt-impl-0.10.5.jar;C:\Users\ducer\.m2\repository\io\jsonwebtoken\jjwt-api\0.10.5\jjwt-api-0.10.5.jar;C:\Users\ducer\.m2\repository\commons-fileupload\commons-fileupload\1.3.3\commons-fileupload-1.3.3.jar;C:\Users\ducer\.m2\repository\commons-codec\commons-codec\1.11\commons-codec-1.11.jar;C:\Users\ducer\.m2\repository\org\apache\commons\commons-lang3\3.7\commons-lang3-3.7.jar;C:\Users\ducer\.m2\repository\org\mapstruct\mapstruct-jdk8\1.1.0.Final\mapstruct-jdk8-1.1.0.Final.jar;C:\Users\ducer\.m2\repository\io\jsonwebtoken\jjwt\0.6.0\jjwt-0.6.0.jar;C:\Users\ducer\.m2\repository\org\java-websocket\Java-WebSocket\1.3.0\Java-WebSocket-1.3.0.jar;C:\Users\ducer\.m2\repository\com\nimbusds\nimbus-jose-jwt\4.20\nimbus-jose-jwt-4.20.jar;C:\Users\ducer\.m2\repository\com\github\stephenc\jcip\jcip-annotations\1.0-1\jcip-annotations-1.0-1.jar;C:\Users\ducer\.m2\repository\net\minidev\json-smart\1.3.1\json-smart-1.3.1.jar;C:\Users\ducer\.m2\repository\commons-io\commons-io\2.6\commons-io-2.6.jar;C:\Users\ducer\.m2\repository\org\springframework\spring-test\5.1.6.RELEASE\spring-test-5.1.6.RELEASE.jar;, java.specification.name=Java Platform API Specification, java.class.version=52.0, sun.management.compiler=HotSpot 64-Bit Tiered Compilers, os.version=10.0, user.home=C:\Users\ducer, user.timezone=Asia/Bangkok, java.awt.printerjob=sun.awt.windows.WPrinterJob, file.encoding=Cp1252, java.specification.version=1.8, java.class.path=E:\QuanLyDaoTao\Back-end\target\test-classes;E:\QuanLyDaoTao\Back-end\target\classes;C:\Users\ducer\.m2\repository\io\jsonwebtoken\jjwt-jackson\0.10.5\jjwt-jackson-0.10.5.jar;C:\Users\ducer\.m2\repository\com\fasterxml\jackson\core\jackson-databind\2.9.6\jackson-databind-2.9.6.jar;C:\Users\ducer\.m2\repository\com\fasterxml\jackson\core\jackson-annotations\2.9.0\jackson-annotations-2.9.0.jar;C:\Users\ducer\.m2\repository\com\fasterxml\jackson\core\jackson-core\2.9.6\jackson-core-2.9.6.jar;C:\Users\ducer\.m2\repository\org\springframework\boot\spring-boot-starter-data-jpa\2.0.8.BUILD-SNAPSHOT\spring-boot-starter-data-jpa-2.0.8.BUILD-SNAPSHOT.jar;C:\Users\ducer\.m2\repository\org\springframework\boot\spring-boot-starter\2.0.8.BUILD-SNAPSHOT\spring-boot-starter-2.0.8.BUILD-SNAPSHOT.jar;C:\Users\ducer\.m2\repository\org\springframework\boot\spring-boot\2.0.8.BUILD-SNAPSHOT\spring-boot-2.0.8.BUILD-SNAPSHOT.jar;C:\Users\ducer\.m2\repository\org\springframework\boot\spring-boot-autoconfigure\2.0.8.BUILD-SNAPSHOT\spring-boot-autoconfigure-2.0.8.BUILD-SNAPSHOT.jar;C:\Users\ducer\.m2\repository\org\springframework\boot\spring-boot-starter-logging\2.0.8.BUILD-SNAPSHOT\spring-boot-starter-logging-2.0.8.BUILD-SNAPSHOT.jar;C:\Users\ducer\.m2\repository\ch\qos\logback\logback-classic\1.2.3\logback-classic-1.2.3.jar;C:\Users\ducer\.m2\repository\ch\qos\logback\logback-core\1.2.3\logback-core-1.2.3.jar;C:\Users\ducer\.m2\repository\org\apache\logging\log4j\log4j-to-slf4j\2.10.0\log4j-to-slf4j-2.10.0.jar;C:\Users\ducer\.m2\repository\org\apache\logging\log4j\log4j-api\2.10.0\log4j-api-2.10.0.jar;C:\Users\ducer\.m2\repository\org\slf4j\jul-to-slf4j\1.7.25\jul-to-slf4j-1.7.25.jar;C:\Users\ducer\.m2\repository\javax\annotation\javax.annotation-api\1.3.2\javax.annotation-api-1.3.2.jar;C:\Users\ducer\.m2\repository\org\yaml\snakeyaml\1.19\snakeyaml-1.19.jar;C:\Users\ducer\.m2\repository\org\springframework\boot\spring-boot-starter-aop\2.0.8.BUILD-SNAPSHOT\spring-boot-starter-aop-2.0.8.BUILD-SNAPSHOT.jar;C:\Users\ducer\.m2\repository\org\aspectj\aspectjweaver\1.8.13\aspectjweaver-1.8.13.jar;C:\Users\ducer\.m2\repository\org\springframework\boot\spring-boot-starter-jdbc\2.0.8.BUILD-SNAPSHOT\spring-boot-starter-jdbc-2.0.8.BUILD-SNAPSHOT.jar;C:\Users\ducer\.m2\repository\com\zaxxer\HikariCP\2.7.9\HikariCP-2.7.9.jar;C:\Users\ducer\.m2\repository\org\springframework\spring-jdbc\5.0.12.RELEASE\spring-jdbc-5.0.12.RELEASE.jar;C:\Users\ducer\.m2\repository\javax\transaction\javax.transaction-api\1.2\javax.transaction-api-1.2.jar;C:\Users\ducer\.m2\repository\org\hibernate\hibernate-core\5.2.17.Final\hibernate-core-5.2.17.Final.jar;C:\Users\ducer\.m2\repository\org\jboss\logging\jboss-logging\3.3.2.Final\jboss-logging-3.3.2.Final.jar;C:\Users\ducer\.m2\repository\org\hibernate\javax\persistence\hibernate-jpa-2.1-api\1.0.2.Final\hibernate-jpa-2.1-api-1.0.2.Final.jar;C:\Users\ducer\.m2\repository\org\javassist\javassist\3.22.0-GA\javassist-3.22.0-GA.jar;C:\Users\ducer\.m2\repository\antlr\antlr\2.7.7\antlr-2.7.7.jar;C:\Users\ducer\.m2\repository\org\jboss\jandex\2.0.3.Final\jandex-2.0.3.Final.jar;C:\Users\ducer\.m2\repository\com\fasterxml\classmate\1.3.4\classmate-1.3.4.jar;C:\Users\ducer\.m2\repository\dom4j\dom4j\1.6.1\dom4j-1.6.1.jar;C:\Users\ducer\.m2\repository\org\hibernate\common\hibernate-commons-annotations\5.0.1.Final\hibernate-commons-annotations-5.0.1.Final.jar;C:\Users\ducer\.m2\repository\org\springframework\data\spring-data-jpa\2.0.13.RELEASE\spring-data-jpa-2.0.13.RELEASE.jar;C:\Users\ducer\.m2\repository\org\springframework\data\spring-data-commons\2.0.13.RELEASE\spring-data-commons-2.0.13.RELEASE.jar;C:\Users\ducer\.m2\repository\org\springframework\spring-orm\5.0.12.RELEASE\spring-orm-5.0.12.RELEASE.jar;C:\Users\ducer\.m2\repository\org\springframework\spring-context\5.0.12.RELEASE\spring-context-5.0.12.RELEASE.jar;C:\Users\ducer\.m2\repository\org\springframework\spring-tx\5.0.12.RELEASE\spring-tx-5.0.12.RELEASE.jar;C:\Users\ducer\.m2\repository\org\springframework\spring-beans\5.0.12.RELEASE\spring-beans-5.0.12.RELEASE.jar;C:\Users\ducer\.m2\repository\org\springframework\spring-aspects\5.0.12.RELEASE\spring-aspects-5.0.12.RELEASE.jar;C:\Users\ducer\.m2\repository\org\springframework\boot\spring-boot-starter-security\2.0.8.BUILD-SNAPSHOT\spring-boot-starter-security-2.0.8.BUILD-SNAPSHOT.jar;C:\Users\ducer\.m2\repository\org\springframework\spring-aop\5.0.12.RELEASE\spring-aop-5.0.12.RELEASE.jar;C:\Users\ducer\.m2\repository\org\springframework\security\spring-security-config\5.0.11.RELEASE\spring-security-config-5.0.11.RELEASE.jar;C:\Users\ducer\.m2\repository\org\springframework\security\spring-security-web\5.0.11.RELEASE\spring-security-web-5.0.11.RELEASE.jar;C:\Users\ducer\.m2\repository\org\springframework\spring-expression\5.0.12.RELEASE\spring-expression-5.0.12.RELEASE.jar;C:\Users\ducer\.m2\repository\org\springframework\boot\spring-boot-starter-web\2.0.8.BUILD-SNAPSHOT\spring-boot-starter-web-2.0.8.BUILD-SNAPSHOT.jar;C:\Users\ducer\.m2\repository\org\springframework\boot\spring-boot-starter-json\2.0.8.BUILD-SNAPSHOT\spring-boot-starter-json-2.0.8.BUILD-SNAPSHOT.jar;C:\Users\ducer\.m2\repository\com\fasterxml\jackson\datatype\jackson-datatype-jdk8\2.9.6\jackson-datatype-jdk8-2.9.6.jar;C:\Users\ducer\.m2\repository\com\fasterxml\jackson\datatype\jackson-datatype-jsr310\2.9.6\jackson-datatype-jsr310-2.9.6.jar;C:\Users\ducer\.m2\repository\com\fasterxml\jackson\module\jackson-module-parameter-names\2.9.6\jackson-module-parameter-names-2.9.6.jar;C:\Users\ducer\.m2\repository\org\springframework\boot\spring-boot-starter-tomcat\2.0.8.BUILD-SNAPSHOT\spring-boot-starter-tomcat-2.0.8.BUILD-SNAPSHOT.jar;C:\Users\ducer\.m2\repository\org\apache\tomcat\embed\tomcat-embed-core\8.5.37\tomcat-embed-core-8.5.37.jar;C:\Users\ducer\.m2\repository\org\apache\tomcat\embed\tomcat-embed-el\8.5.37\tomcat-embed-el-8.5.37.jar;C:\Users\ducer\.m2\repository\org\apache\tomcat\embed\tomcat-embed-websocket\8.5.37\tomcat-embed-websocket-8.5.37.jar;C:\Users\ducer\.m2\repository\org\hibernate\validator\hibernate-validator\6.0.14.Final\hibernate-validator-6.0.14.Final.jar;C:\Users\ducer\.m2\repository\org\springframework\spring-web\5.0.12.RELEASE\spring-web-5.0.12.RELEASE.jar;C:\Users\ducer\.m2\repository\org\springframework\spring-webmvc\5.0.12.RELEASE\spring-webmvc-5.0.12.RELEASE.jar;C:\Users\ducer\.m2\repository\mysql\mysql-connector-java\5.1.47\mysql-connector-java-5.1.47.jar;C:\Users\ducer\.m2\repository\org\springframework\boot\spring-boot-starter-test\2.0.8.BUILD-SNAPSHOT\spring-boot-starter-test-2.0.8.BUILD-SNAPSHOT.jar;C:\Users\ducer\.m2\repository\org\springframework\boot\spring-boot-test\2.0.8.BUILD-SNAPSHOT\spring-boot-test-2.0.8.BUILD-SNAPSHOT.jar;C:\Users\ducer\.m2\repository\org\springframework\boot\spring-boot-test-autoconfigure\2.0.8.BUILD-SNAPSHOT\spring-boot-test-autoconfigure-2.0.8.BUILD-SNAPSHOT.jar;C:\Users\ducer\.m2\repository\com\jayway\jsonpath\json-path\2.4.0\json-path-2.4.0.jar;C:\Users\ducer\.m2\repository\junit\junit\4.12\junit-4.12.jar;C:\Users\ducer\.m2\repository\org\assertj\assertj-core\3.9.1\assertj-core-3.9.1.jar;C:\Users\ducer\.m2\repository\org\mockito\mockito-core\2.15.0\mockito-core-2.15.0.jar;C:\Users\ducer\.m2\repository\net\bytebuddy\byte-buddy\1.7.11\byte-buddy-1.7.11.jar;C:\Users\ducer\.m2\repository\net\bytebuddy\byte-buddy-agent\1.7.11\byte-buddy-agent-1.7.11.jar;C:\Users\ducer\.m2\repository\org\objenesis\objenesis\2.6\objenesis-2.6.jar;C:\Users\ducer\.m2\repository\org\hamcrest\hamcrest-core\1.3\hamcrest-core-1.3.jar;C:\Users\ducer\.m2\repository\org\hamcrest\hamcrest-library\1.3\hamcrest-library-1.3.jar;C:\Users\ducer\.m2\repository\org\skyscreamer\jsonassert\1.5.0\jsonassert-1.5.0.jar;C:\Users\ducer\.m2\repository\com\vaadin\external\google\android-json\0.0.20131108.vaadin1\android-json-0.0.20131108.vaadin1.jar;C:\Users\ducer\.m2\repository\org\springframework\spring-core\5.0.12.RELEASE\spring-core-5.0.12.RELEASE.jar;C:\Users\ducer\.m2\repository\org\springframework\spring-jcl\5.0.12.RELEASE\spring-jcl-5.0.12.RELEASE.jar;C:\Users\ducer\.m2\repository\org\xmlunit\xmlunit-core\2.5.1\xmlunit-core-2.5.1.jar;C:\Users\ducer\.m2\repository\javax\xml\bind\jaxb-api\2.3.0\jaxb-api-2.3.0.jar;C:\Users\ducer\.m2\repository\org\springframework\security\spring-security-test\5.0.11.RELEASE\spring-security-test-5.0.11.RELEASE.jar;C:\Users\ducer\.m2\repository\org\springframework\security\spring-security-core\5.0.11.RELEASE\spring-security-core-5.0.11.RELEASE.jar;C:\Users\ducer\.m2\repository\org\zalando\problem-spring-web\0.24.0-RC.0\problem-spring-web-0.24.0-RC.0.jar;C:\Users\ducer\.m2\repository\org\zalando\problem-violations\0.24.0-RC.0\problem-violations-0.24.0-RC.0.jar;C:\Users\ducer\.m2\repository\org\zalando\problem-spring-common\0.24.0-RC.0\problem-spring-common-0.24.0-RC.0.jar;C:\Users\ducer\.m2\repository\org\apiguardian\apiguardian-api\1.0.0\apiguardian-api-1.0.0.jar;C:\Users\ducer\.m2\repository\com\google\code\findbugs\jsr305\3.0.2\jsr305-3.0.2.jar;C:\Users\ducer\.m2\repository\org\slf4j\slf4j-api\1.7.25\slf4j-api-1.7.25.jar;C:\Users\ducer\.m2\repository\org\zalando\problem\0.21.0\problem-0.21.0.jar;C:\Users\ducer\.m2\repository\org\zalando\jackson-datatype-problem\0.21.0\jackson-datatype-problem-0.21.0.jar;C:\Users\ducer\.m2\repository\org\zalando\faux-pas\0.8.0\faux-pas-0.8.0.jar;C:\Users\ducer\.m2\repository\javax\validation\validation-api\2.0.1.Final\validation-api-2.0.1.Final.jar;C:\Users\ducer\.m2\repository\io\jsonwebtoken\jjwt-impl\0.10.5\jjwt-impl-0.10.5.jar;C:\Users\ducer\.m2\repository\io\jsonwebtoken\jjwt-api\0.10.5\jjwt-api-0.10.5.jar;C:\Users\ducer\.m2\repository\commons-fileupload\commons-fileupload\1.3.3\commons-fileupload-1.3.3.jar;C:\Users\ducer\.m2\repository\commons-codec\commons-codec\1.11\commons-codec-1.11.jar;C:\Users\ducer\.m2\repository\org\apache\commons\commons-lang3\3.7\commons-lang3-3.7.jar;C:\Users\ducer\.m2\repository\org\mapstruct\mapstruct-jdk8\1.1.0.Final\mapstruct-jdk8-1.1.0.Final.jar;C:\Users\ducer\.m2\repository\io\jsonwebtoken\jjwt\0.6.0\jjwt-0.6.0.jar;C:\Users\ducer\.m2\repository\org\java-websocket\Java-WebSocket\1.3.0\Java-WebSocket-1.3.0.jar;C:\Users\ducer\.m2\repository\com\nimbusds\nimbus-jose-jwt\4.20\nimbus-jose-jwt-4.20.jar;C:\Users\ducer\.m2\repository\com\github\stephenc\jcip\jcip-annotations\1.0-1\jcip-annotations-1.0-1.jar;C:\Users\ducer\.m2\repository\net\minidev\json-smart\1.3.1\json-smart-1.3.1.jar;C:\Users\ducer\.m2\repository\commons-io\commons-io\2.6\commons-io-2.6.jar;C:\Users\ducer\.m2\repository\org\springframework\spring-test\5.1.6.RELEASE\spring-test-5.1.6.RELEASE.jar;, user.name=ducer, java.vm.specification.version=1.8, sun.java.command=C:\Users\ducer\AppData\Local\Temp\surefire620847562776905403\surefirebooter8142727283426324083.jar C:\Users\ducer\AppData\Local\Temp\surefire620847562776905403 2019-05-28T21-45-58_878-jvmRun1 surefire5640354279040087991tmp surefire_05682085119060953105tmp, java.home=C:\Program Files\Java\jdk1.8.0_201\jre, sun.arch.data.model=64, user.language=en, java.specification.vendor=Oracle Corporation, awt.toolkit=sun.awt.windows.WToolkit, java.vm.info=mixed mode, java.version=1.8.0_201, java.ext.dirs=C:\Program Files\Java\jdk1.8.0_201\jre\lib\ext;C:\Windows\Sun\Java\lib\ext, sun.boot.class.path=C:\Program Files\Java\jdk1.8.0_201\jre\lib\resources.jar;C:\Program Files\Java\jdk1.8.0_201\jre\lib\rt.jar;C:\Program Files\Java\jdk1.8.0_201\jre\lib\sunrsasign.jar;C:\Program Files\Java\jdk1.8.0_201\jre\lib\jsse.jar;C:\Program Files\Java\jdk1.8.0_201\jre\lib\jce.jar;C:\Program Files\Java\jdk1.8.0_201\jre\lib\charsets.jar;C:\Program Files\Java\jdk1.8.0_201\jre\lib\jfr.jar;C:\Program Files\Java\jdk1.8.0_201\jre\classes, java.vendor=Oracle Corporation, localRepository=C:\Users\ducer\.m2\repository, file.separator=\, java.vendor.url.bug=http://bugreport.sun.com/bugreport/, idea.version2019.1=true, sun.io.unicode.encoding=UnicodeLittle, sun.cpu.endian=little, sun.desktop=windows, sun.cpu.isalist=amd64}}, SystemEnvironmentPropertySource@1730704097 {name='systemEnvironment', properties={PATH=C:\Program Files (x86)\Common Files\Oracle\Java\javapath;C:\Windows\system32;C:\Windows;C:\Windows\System32\Wbem;C:\Windows\System32\WindowsPowerShell\v1.0\;C:\Windows\System32\OpenSSH\;%JAVA_HOME%\bin;%MAVEN_HOME%\bin;C:\Program Files\nodejs\;C:\Program Files\Microsoft\Web Platform Installer\;C:\Program Files (x86)\Microsoft ASP.NET\ASP.NET Web Pages\v1.0\;C:\Program Files (x86)\Windows Kits\8.0\Windows Performance Toolkit\;C:\Program Files\Microsoft SQL Server\110\Tools\Binn\;C:\Users\ducer\AppData\Local\Microsoft\WindowsApps;;C:\Users\ducer\AppData\Local\Programs\Microsoft VS Code\bin;C:\Users\ducer\AppData\Roaming\npm, USERDOMAIN_ROAMINGPROFILE=DESKTOP-QOJ2C23, LOCALAPPDATA=C:\Users\ducer\AppData\Local, PROCESSOR_LEVEL=6, SYSTEMDRIVE=C:, COMMONPROGRAMFILES(X86)=C:\Program Files (x86)\Common Files, USERDOMAIN=DESKTOP-QOJ2C23, FPS_BROWSER_APP_PROFILE_STRING=Internet Explorer, LOGONSERVER=\\DESKTOP-QOJ2C23, JAVA_HOME=C:\Program Files\Java\jdk1.8.0_201, PROMPT=$P$G, SESSIONNAME=Console, ALLUSERSPROFILE=C:\ProgramData, PROGRAMFILES(X86)=C:\Program Files (x86), PROCESSOR_ARCHITECTURE=AMD64, DRIVERDATA=C:\Windows\System32\Drivers\DriverData, =E:=E:\QuanLyDaoTao\Back-end, MAVEN_HOME=C:\Program Files\maven\apache-maven-3.6.1-bin\apache-maven-3.6.1, PROGRAMFILES=C:\Program Files, APPDATA=C:\Users\ducer\AppData\Roaming, PSMODULEPATH=C:\Program Files\WindowsPowerShell\Modules;C:\Windows\system32\WindowsPowerShell\v1.0\Modules, PROGRAMW6432=C:\Program Files, PROGRAMDATA=C:\ProgramData, SYSTEMROOT=C:\Windows, USERNAME=ducer, VBOX_MSI_INSTALL_PATH=C:\Program Files\Oracle\VirtualBox\, FPS_BROWSER_USER_PROFILE_STRING=Default, ONEDRIVE=C:\Users\ducer\OneDrive, PATHEXT=.COM;.EXE;.BAT;.CMD;.VBS;.VBE;.JS;.JSE;.WSF;.WSH;.MSC, OS=Windows_NT, COMMONPROGRAMW6432=C:\Program Files\Common Files, COMPUTERNAME=DESKTOP-QOJ2C23, COMMONPROGRAMFILES=C:\Program Files\Common Files, COMSPEC=C:\Windows\system32\cmd.exe, PROCESSOR_REVISION=170a, WINDIR=C:\Windows, HOMEPATH=\Users\ducer, TEMP=C:\Users\ducer\AppData\Local\Temp, HOMEDRIVE=C:, PROCESSOR_IDENTIFIER=Intel64 Family 6 Model 23 Stepping 10, GenuineIntel, USERPROFILE=C:\Users\ducer, TMP=C:\Users\ducer\AppData\Local\Temp, VS110COMNTOOLS=C:\Program Files (x86)\Microsoft Visual Studio 11.0\Common7\Tools\, PUBLIC=C:\Users\Public, NUMBER_OF_PROCESSORS=2, =::=::\}}]
21:46:08.367 [main] DEBUG org.springframework.test.context.support.TestPropertySourceUtils - Adding inlined properties to environment: {spring.jmx.enabled=false, org.springframework.boot.test.context.SpringBootTestContextBootstrapper=true, server.port=-1}
21:46:08.368 [main] DEBUG org.springframework.core.env.StandardEnvironment - Adding PropertySource 'Inlined Test Properties' with highest search precedence

  .   ____          _            __ _ _
 /\\ / ___'_ __ _ _(_)_ __  __ _ \ \ \ \
( ( )\___ | '_ | '_| | '_ \/ _` | \ \ \ \
 \\/  ___)| |_)| | | | | || (_| |  ) ) ) )
  '  |____| .__|_| |_|_| |_\__, | / / / /
 =========|_|==============|___/=/_/_/_/
 :: Spring Boot ::  (v2.0.8.BUILD-SNAPSHOT)

2019-05-28 21:46:09.645  INFO 10988 --- [           main] c.huyduc.manage.ManageApplicationTests   : Starting ManageApplicationTests on DESKTOP-QOJ2C23 with PID 10988 (started by ducer in E:\QuanLyDaoTao\Back-end)
2019-05-28 21:46:09.647  INFO 10988 --- [           main] c.huyduc.manage.ManageApplicationTests   : No active profile set, falling back to default profiles: default
2019-05-28 21:46:09.775  INFO 10988 --- [           main] o.s.w.c.s.GenericWebApplicationContext   : Refreshing org.springframework.web.context.support.GenericWebApplicationContext@4c2bb6e0: startup date [Tue May 28 21:46:09 ICT 2019]; root of context hierarchy
2019-05-28 21:46:16.894  INFO 10988 --- [           main] trationDelegate$BeanPostProcessorChecker : Bean 'org.springframework.transaction.annotation.ProxyTransactionManagementConfiguration' of type [org.springframework.transaction.annotation.ProxyTransactionManagementConfiguration$$EnhancerBySpringCGLIB$$640a82f2] is not eligible for getting processed by all BeanPostProcessors (for example: not eligible for auto-proxying)
2019-05-28 21:46:17.042  INFO 10988 --- [           main] trationDelegate$BeanPostProcessorChecker : Bean 'org.springframework.security.config.annotation.configuration.ObjectPostProcessorConfiguration' of type [org.springframework.security.config.annotation.configuration.ObjectPostProcessorConfiguration$$EnhancerBySpringCGLIB$$fcb84b2c] is not eligible for getting processed by all BeanPostProcessors (for example: not eligible for auto-proxying)
2019-05-28 21:46:17.056  INFO 10988 --- [           main] trationDelegate$BeanPostProcessorChecker : Bean 'objectPostProcessor' of type [org.springframework.security.config.annotation.configuration.AutowireBeanFactoryObjectPostProcessor] is not eligible for getting processed by all BeanPostProcessors (for example: not eligible for auto-proxying)
2019-05-28 21:46:17.065  INFO 10988 --- [           main] trationDelegate$BeanPostProcessorChecker : Bean 'org.springframework.security.access.expression.method.DefaultMethodSecurityExpressionHandler@184dbacc' of type [org.springframework.security.access.expression.method.DefaultMethodSecurityExpressionHandler] is not eligible for getting processed by all BeanPostProcessors (for example: not eligible for auto-proxying)
2019-05-28 21:46:17.108  INFO 10988 --- [           main] trationDelegate$BeanPostProcessorChecker : Bean 'org.springframework.security.config.annotation.method.configuration.GlobalMethodSecurityConfiguration' of type [org.springframework.security.config.annotation.method.configuration.GlobalMethodSecurityConfiguration$$EnhancerBySpringCGLIB$$218cedde] is not eligible for getting processed by all BeanPostProcessors (for example: not eligible for auto-proxying)
2019-05-28 21:46:17.159  INFO 10988 --- [           main] trationDelegate$BeanPostProcessorChecker : Bean 'methodSecurityMetadataSource' of type [org.springframework.security.access.method.DelegatingMethodSecurityMetadataSource] is not eligible for getting processed by all BeanPostProcessors (for example: not eligible for auto-proxying)
2019-05-28 21:46:18.076  INFO 10988 --- [           main] com.zaxxer.hikari.HikariDataSource       : HikariPool-1 - Starting...
2019-05-28 21:46:18.966  INFO 10988 --- [           main] com.zaxxer.hikari.HikariDataSource       : HikariPool-1 - Start completed.
2019-05-28 21:46:19.038  INFO 10988 --- [           main] j.LocalContainerEntityManagerFactoryBean : Building JPA container EntityManagerFactory for persistence unit 'default'
2019-05-28 21:46:19.122  INFO 10988 --- [           main] o.hibernate.jpa.internal.util.LogHelper  : HHH000204: Processing PersistenceUnitInfo [
	name: default
	...]
2019-05-28 21:46:19.398  INFO 10988 --- [           main] org.hibernate.Version                    : HHH000412: Hibernate Core {5.2.17.Final}
2019-05-28 21:46:19.403  INFO 10988 --- [           main] org.hibernate.cfg.Environment            : HHH000206: hibernate.properties not found
2019-05-28 21:46:19.570  INFO 10988 --- [           main] o.hibernate.annotations.common.Version   : HCANN000001: Hibernate Commons Annotations {5.0.1.Final}
2019-05-28 21:46:20.441  INFO 10988 --- [           main] org.hibernate.dialect.Dialect            : HHH000400: Using dialect: org.hibernate.dialect.MySQL5InnoDBDialect
2019-05-28 21:46:23.567  INFO 10988 --- [           main] j.LocalContainerEntityManagerFactoryBean : Initialized JPA EntityManagerFactory for persistence unit 'default'
2019-05-28 21:46:25.577  WARN 10988 --- [           main] o.s.w.c.s.GenericWebApplicationContext   : Exception encountered during context initialization - cancelling refresh attempt: org.springframework.beans.factory.UnsatisfiedDependencyException: Error creating bean with name 'securityConfiguration' defined in file [E:\QuanLyDaoTao\Back-end\target\classes\com\huyduc\manage\config\SecurityConfiguration.class]: Unsatisfied dependency expressed through constructor parameter 4; nested exception is org.springframework.beans.factory.UnsatisfiedDependencyException: Error creating bean with name 'org.zalando.problem.spring.web.advice.security.SecurityProblemSupport': Unsatisfied dependency expressed through constructor parameter 0; nested exception is org.springframework.beans.factory.BeanCreationException: Error creating bean with name 'handlerExceptionResolver' defined in class path resource [org/springframework/boot/autoconfigure/web/servlet/WebMvcAutoConfiguration$EnableWebMvcConfiguration.class]: Bean instantiation via factory method failed; nested exception is org.springframework.beans.BeanInstantiationException: Failed to instantiate [org.springframework.web.servlet.HandlerExceptionResolver]: Factory method 'handlerExceptionResolver' threw exception; nested exception is java.lang.NoClassDefFoundError: net/minidev/json/writer/JsonReaderI
2019-05-28 21:46:25.582  INFO 10988 --- [           main] j.LocalContainerEntityManagerFactoryBean : Closing JPA EntityManagerFactory for persistence unit 'default'
2019-05-28 21:46:25.584  INFO 10988 --- [           main] com.zaxxer.hikari.HikariDataSource       : HikariPool-1 - Shutdown initiated...
2019-05-28 21:46:25.629  INFO 10988 --- [           main] com.zaxxer.hikari.HikariDataSource       : HikariPool-1 - Shutdown completed.
2019-05-28 21:46:25.648  INFO 10988 --- [           main] ConditionEvaluationReportLoggingListener : 

Error starting ApplicationContext. To display the conditions report re-run your application with 'debug' enabled.
2019-05-28 21:46:25.663 ERROR 10988 --- [           main] o.s.boot.SpringApplication               : Application run failed

org.springframework.beans.factory.UnsatisfiedDependencyException: Error creating bean with name 'securityConfiguration' defined in file [E:\QuanLyDaoTao\Back-end\target\classes\com\huyduc\manage\config\SecurityConfiguration.class]: Unsatisfied dependency expressed through constructor parameter 4; nested exception is org.springframework.beans.factory.UnsatisfiedDependencyException: Error creating bean with name 'org.zalando.problem.spring.web.advice.security.SecurityProblemSupport': Unsatisfied dependency expressed through constructor parameter 0; nested exception is org.springframework.beans.factory.BeanCreationException: Error creating bean with name 'handlerExceptionResolver' defined in class path resource [org/springframework/boot/autoconfigure/web/servlet/WebMvcAutoConfiguration$EnableWebMvcConfiguration.class]: Bean instantiation via factory method failed; nested exception is org.springframework.beans.BeanInstantiationException: Failed to instantiate [org.springframework.web.servlet.HandlerExceptionResolver]: Factory method 'handlerExceptionResolver' threw exception; nested exception is java.lang.NoClassDefFoundError: net/minidev/json/writer/JsonReaderI
	at org.springframework.beans.factory.support.ConstructorResolver.createArgumentArray(ConstructorResolver.java:733) ~[spring-beans-5.0.12.RELEASE.jar:5.0.12.RELEASE]
	at org.springframework.beans.factory.support.ConstructorResolver.autowireConstructor(ConstructorResolver.java:198) ~[spring-beans-5.0.12.RELEASE.jar:5.0.12.RELEASE]
	at org.springframework.beans.factory.support.AbstractAutowireCapableBeanFactory.autowireConstructor(AbstractAutowireCapableBeanFactory.java:1266) ~[spring-beans-5.0.12.RELEASE.jar:5.0.12.RELEASE]
	at org.springframework.beans.factory.support.AbstractAutowireCapableBeanFactory.createBeanInstance(AbstractAutowireCapableBeanFactory.java:1123) ~[spring-beans-5.0.12.RELEASE.jar:5.0.12.RELEASE]
	at org.springframework.beans.factory.support.AbstractAutowireCapableBeanFactory.doCreateBean(AbstractAutowireCapableBeanFactory.java:535) ~[spring-beans-5.0.12.RELEASE.jar:5.0.12.RELEASE]
	at org.springframework.beans.factory.support.AbstractAutowireCapableBeanFactory.createBean(AbstractAutowireCapableBeanFactory.java:495) ~[spring-beans-5.0.12.RELEASE.jar:5.0.12.RELEASE]
	at org.springframework.beans.factory.support.AbstractBeanFactory.lambda$doGetBean$0(AbstractBeanFactory.java:317) ~[spring-beans-5.0.12.RELEASE.jar:5.0.12.RELEASE]
[...]
	at org.springframework.test.context.web.ServletTestExecutionListener.setUpRequestContextIfNecessary(ServletTestExecutionListener.java:190) ~[spring-test-5.1.6.RELEASE.jar:5.1.6.RELEASE]
	at org.springframework.test.context.web.ServletTestExecutionListener.prepareTestInstance(ServletTestExecutionListener.java:132) ~[spring-test-5.1.6.RELEASE.jar:5.1.6.RELEASE]
	at org.springframework.test.context.TestContextManager.prepareTestInstance(TestContextManager.java:246) ~[spring-test-5.1.6.RELEASE.jar:5.1.6.RELEASE]
	at org.springframework.test.context.junit4.SpringJUnit4ClassRunner.createTest(SpringJUnit4ClassRunner.java:227) [spring-test-5.1.6.RELEASE.jar:5.1.6.RELEASE]
	at org.springframework.test.context.junit4.SpringJUnit4ClassRunner$1.runReflectiveCall(SpringJUnit4ClassRunner.java:289) [spring-test-5.1.6.RELEASE.jar:5.1.6.RELEASE]
	at org.junit.internal.runners.model.ReflectiveCallable.run(ReflectiveCallable.java:12) [junit-4.12.jar:4.12]
	at org.springframework.test.context.junit4.SpringJUnit4ClassRunner.methodBlock(SpringJUnit4ClassRunner.java:291) [spring-test-5.1.6.RELEASE.jar:5.1.6.RELEASE]
	at org.springframework.test.context.junit4.SpringJUnit4ClassRunner.runChild(SpringJUnit4ClassRunner.java:246) [spring-test-5.1.6.RELEASE.jar:5.1.6.RELEASE]
	at org.springframework.test.context.junit4.SpringJUnit4ClassRunner.runChild(SpringJUnit4ClassRunner.java:97) [spring-test-5.1.6.RELEASE.jar:5.1.6.RELEASE]
	at org.junit.runners.ParentRunner$3.run(ParentRunner.java:290) [junit-4.12.jar:4.12]
	at org.junit.runners.ParentRunner$1.schedule(ParentRunner.java:71) [junit-4.12.jar:4.12]
	at org.junit.runners.ParentRunner.runChildren(ParentRunner.java:288) [junit-4.12.jar:4.12]
	at org.junit.runners.ParentRunner.access$000(ParentRunner.java:58) [junit-4.12.jar:4.12]
	at org.junit.runners.ParentRunner$2.evaluate(ParentRunner.java:268) [junit-4.12.jar:4.12]
	at org.springframework.test.context.junit4.statements.RunBeforeTestClassCallbacks.evaluate(RunBeforeTestClassCallbacks.java:61) [spring-test-5.1.6.RELEASE.jar:5.1.6.RELEASE]
	at org.springframework.test.context.junit4.statements.RunAfterTestClassCallbacks.evaluate(RunAfterTestClassCallbacks.java:70) [spring-test-5.1.6.RELEASE.jar:5.1.6.RELEASE]
	at org.junit.runners.ParentRunner.run(ParentRunner.java:363) [junit-4.12.jar:4.12]
	at org.springframework.test.context.junit4.SpringJUnit4ClassRunner.run(SpringJUnit4ClassRunner.java:190) [spring-test-5.1.6.RELEASE.jar:5.1.6.RELEASE]
	at org.apache.maven.surefire.junit4.JUnit4Provider.execute(JUnit4Provider.java:365) [surefire-junit4-2.21.0.jar:2.21.0]
	at org.apache.maven.surefire.junit4.JUnit4Provider.executeWithRerun(JUnit4Provider.java:273) [surefire-junit4-2.21.0.jar:2.21.0]
	at org.apache.maven.surefire.junit4.JUnit4Provider.executeTestSet(JUnit4Provider.java:238) [surefire-junit4-2.21.0.jar:2.21.0]
	at org.apache.maven.surefire.junit4.JUnit4Provider.invoke(JUnit4Provider.java:159) [surefire-junit4-2.21.0.jar:2.21.0]
	at org.apache.maven.surefire.booter.ForkedBooter.invokeProviderInSameClassLoader(ForkedBooter.java:379) [surefire-booter-2.21.0.jar:2.21.0]
	at org.apache.maven.surefire.booter.ForkedBooter.runSuitesInProcess(ForkedBooter.java:340) [surefire-booter-2.21.0.jar:2.21.0]
	at org.apache.maven.surefire.booter.ForkedBooter.execute(ForkedBooter.java:125) [surefire-booter-2.21.0.jar:2.21.0]
	at org.apache.maven.surefire.booter.ForkedBooter.main(ForkedBooter.java:413) [surefire-booter-2.21.0.jar:2.21.0]
Caused by: org.springframework.beans.factory.UnsatisfiedDependencyException: Error creating bean with name 'securityConfiguration' defined in file [E:\QuanLyDaoTao\Back-end\target\classes\com\huyduc\manage\config\SecurityConfiguration.class]: Unsatisfied dependency expressed through constructor parameter 4; nested exception is org.springframework.beans.factory.UnsatisfiedDependencyException: Error creating bean with name 'org.zalando.problem.spring.web.advice.security.SecurityProblemSupport': Unsatisfied dependency expressed through constructor parameter 0; nested exception is org.springframework.beans.factory.BeanCreationException: Error creating bean with name 'handlerExceptionResolver' defined in class path resource [org/springframework/boot/autoconfigure/web/servlet/WebMvcAutoConfiguration$EnableWebMvcConfiguration.class]: Bean instantiation via factory method failed; nested exception is org.springframework.beans.BeanInstantiationException: Failed to instantiate [org.springframework.web.servlet.HandlerExceptionResolver]: Factory method 'handlerExceptionResolver' threw exception; nested exception is java.lang.NoClassDefFoundError: net/minidev/json/writer/JsonReaderI
	at org.springframework.beans.factory.support.ConstructorResolver.createArgumentArray(ConstructorResolver.java:733) ~[spring-beans-5.0.12.RELEASE.jar:5.0.12.RELEASE]
	at org.springframework.beans.factory.support.ConstructorResolver.autowireConstructor(ConstructorResolver.java:198) ~[spring-beans-5.0.12.RELEASE.jar:5.0.12.RELEASE]
	at org.springframework.beans.factory.support.AbstractAutowireCapableBeanFactory.autowireConstructor(AbstractAutowireCapableBeanFactory.java:1266) ~[spring-beans-5.0.12.RELEASE.jar:5.0.12.RELEASE]
	at org.springframework.beans.factory.support.AbstractAutowireCapableBeanFactory.createBeanInstance(AbstractAutowireCapableBeanFactory.java:1123) ~[spring-beans-5.0.12.RELEASE.jar:5.0.12.RELEASE]
	at org.springframework.beans.factory.support.AbstractAutowireCapableBeanFactory.doCreateBean(AbstractAutowireCapableBeanFactory.java:535) ~[spring-beans-5.0.12.RELEASE.jar:5.0.12.RELEASE]
	at org.springframework.beans.factory.support.AbstractAutowireCapableBeanFactory.createBean(AbstractAutowireCapableBeanFactory.java:495) ~[spring-beans-5.0.12.RELEASE.jar:5.0.12.RELEASE]
	at org.springframework.beans.factory.support.AbstractBeanFactory.lambda$doGetBean$0(AbstractBeanFactory.java:317) ~[spring-beans-5.0.12.RELEASE.jar:5.0.12.RELEASE]
	at org.springframework.beans.factory.support.DefaultSingletonBeanRegistry.getSingleton(DefaultSingletonBeanRegistry.java:222) ~[spring-beans-5.0.12.RELEASE.jar:5.0.12.RELEASE]
	at org.springframework.beans.factory.support.AbstractBeanFactory.doGetBean(AbstractBeanFactory.java:315) ~[spring-beans-5.0.12.RELEASE.jar:5.0.12.RELEASE]
	at org.springframework.beans.factory.support.AbstractBeanFactory.getBean(AbstractBeanFactory.java:199) ~[spring-beans-5.0.12.RELEASE.jar:5.0.12.RELEASE]
	at org.springframework.beans.factory.support.DefaultListableBeanFactory.preInstantiateSingletons(DefaultListableBeanFactory.java:759) ~[spring-beans-5.0.12.RELEASE.jar:5.0.12.RELEASE]
	at org.springframework.context.support.AbstractApplicationContext.finishBeanFactoryInitialization(AbstractApplicationContext.java:867) ~[spring-context-5.0.12.RELEASE.jar:5.0.12.RELEASE]
	at org.springframework.context.support.AbstractApplicationContext.refresh(AbstractApplicationContext.java:548) ~[spring-context-5.0.12.RELEASE.jar:5.0.12.RELEASE]
	at org.springframework.boot.SpringApplication.refresh(SpringApplication.java:754) ~[spring-boot-2.0.8.BUILD-SNAPSHOT.jar:2.0.8.BUILD-SNAPSHOT]
	at org.springframework.boot.SpringApplication.refreshContext(SpringApplication.java:386) ~[spring-boot-2.0.8.BUILD-SNAPSHOT.jar:2.0.8.BUILD-SNAPSHOT]
	at org.springframework.boot.SpringApplication.run(SpringApplication.java:307) ~[spring-boot-2.0.8.BUILD-SNAPSHOT.jar:2.0.8.BUILD-SNAPSHOT]
	at org.springframework.boot.test.context.SpringBootContextLoader.loadContext(SpringBootContextLoader.java:127) ~[spring-boot-test-2.0.8.BUILD-SNAPSHOT.jar:2.0.8.BUILD-SNAPSHOT]
	at org.springframework.test.context.cache.DefaultCacheAwareContextLoaderDelegate.loadContextInternal(DefaultCacheAwareContextLoaderDelegate.java:99) ~[spring-test-5.1.6.RELEASE.jar:5.1.6.RELEASE]
	at org.springframework.test.context.cache.DefaultCacheAwareContextLoaderDelegate.loadContext(DefaultCacheAwareContextLoaderDelegate.java:117) ~[spring-test-5.1.6.RELEASE.jar:5.1.6.RELEASE]
	... 27 common frames omitted
Caused by: org.springframework.beans.factory.UnsatisfiedDependencyException: Error creating bean with name 'org.zalando.problem.spring.web.advice.security.SecurityProblemSupport': Unsatisfied dependency expressed through constructor parameter 0; nested exception is org.springframework.beans.factory.BeanCreationException: Error creating bean with name 'handlerExceptionResolver' defined in class path resource [org/springframework/boot/autoconfigure/web/servlet/WebMvcAutoConfiguration$EnableWebMvcConfiguration.class]: Bean instantiation via factory method failed; nested exception is org.springframework.beans.BeanInstantiationException: Failed to instantiate [org.springframework.web.servlet.HandlerExceptionResolver]: Factory method 'handlerExceptionResolver' threw exception; nested exception is java.lang.NoClassDefFoundError: net/minidev/json/writer/JsonReaderI
	at org.springframework.beans.factory.support.ConstructorResolver.createArgumentArray(ConstructorResolver.java:733) ~[spring-beans-5.0.12.RELEASE.jar:5.0.12.RELEASE]
	at org.springframework.beans.factory.support.ConstructorResolver.autowireConstructor(ConstructorResolver.java:198) ~[spring-beans-5.0.12.RELEASE.jar:5.0.12.RELEASE]
	at org.springframework.beans.factory.support.AbstractAutowireCapableBeanFactory.autowireConstructor(AbstractAutowireCapableBeanFactory.java:1266) ~[spring-beans-5.0.12.RELEASE.jar:5.0.12.RELEASE]
	at org.springframework.beans.factory.support.AbstractAutowireCapableBeanFactory.createBeanInstance(AbstractAutowireCapableBeanFactory.java:1123) ~[spring-beans-5.0.12.RELEASE.jar:5.0.12.RELEASE]
	at org.springframework.beans.factory.support.AbstractAutowireCapableBeanFactory.doCreateBean(AbstractAutowireCapableBeanFactory.java:535) ~[spring-beans-5.0.12.RELEASE.jar:5.0.12.RELEASE]
	at org.springframework.beans.factory.support.AbstractAutowireCapableBeanFactory.createBean(AbstractAutowireCapableBeanFactory.java:495) ~[spring-beans-5.0.12.RELEASE.jar:5.0.12.RELEASE]
	at org.springframework.beans.factory.support.AbstractBeanFactory.lambda$doGetBean$0(AbstractBeanFactory.java:317) ~[spring-beans-5.0.12.RELEASE.jar:5.0.12.RELEASE]
	at org.springframework.beans.factory.support.DefaultSingletonBeanRegistry.getSingleton(DefaultSingletonBeanRegistry.java:222) ~[spring-beans-5.0.12.RELEASE.jar:5.0.12.RELEASE]
	at org.springframework.beans.factory.support.AbstractBeanFactory.doGetBean(AbstractBeanFactory.java:315) ~[spring-beans-5.0.12.RELEASE.jar:5.0.12.RELEASE]
	at org.springframework.beans.factory.support.AbstractBeanFactory.getBean(AbstractBeanFactory.java:199) ~[spring-beans-5.0.12.RELEASE.jar:5.0.12.RELEASE]
	at org.springframework.beans.factory.config.DependencyDescriptor.resolveCandidate(DependencyDescriptor.java:251) ~[spring-beans-5.0.12.RELEASE.jar:5.0.12.RELEASE]
	at org.springframework.beans.factory.support.DefaultListableBeanFactory.doResolveDependency(DefaultListableBeanFactory.java:1135) ~[spring-beans-5.0.12.RELEASE.jar:5.0.12.RELEASE]
	at org.springframework.beans.factory.support.DefaultListableBeanFactory.resolveDependency(DefaultListableBeanFactory.java:1062) ~[spring-beans-5.0.12.RELEASE.jar:5.0.12.RELEASE]
	at org.springframework.beans.factory.support.ConstructorResolver.resolveAutowiredArgument(ConstructorResolver.java:819) ~[spring-beans-5.0.12.RELEASE.jar:5.0.12.RELEASE]
	at org.springframework.beans.factory.support.ConstructorResolver.createArgumentArray(ConstructorResolver.java:725) ~[spring-beans-5.0.12.RELEASE.jar:5.0.12.RELEASE]
	... 45 common frames omitted
Caused by: org.springframework.beans.factory.BeanCreationException: Error creating bean with name 'handlerExceptionResolver' defined in class path resource [org/springframework/boot/autoconfigure/web/servlet/WebMvcAutoConfiguration$EnableWebMvcConfiguration.class]: Bean instantiation via factory method failed; nested exception is org.springframework.beans.BeanInstantiationException: Failed to instantiate [org.springframework.web.servlet.HandlerExceptionResolver]: Factory method 'handlerExceptionResolver' threw exception; nested exception is java.lang.NoClassDefFoundError: net/minidev/json/writer/JsonReaderI
	at org.springframework.beans.factory.support.ConstructorResolver.instantiateUsingFactoryMethod(ConstructorResolver.java:591) ~[spring-beans-5.0.12.RELEASE.jar:5.0.12.RELEASE]
	at org.springframework.beans.factory.support.AbstractAutowireCapableBeanFactory.instantiateUsingFactoryMethod(AbstractAutowireCapableBeanFactory.java:1246) ~[spring-beans-5.0.12.RELEASE.jar:5.0.12.RELEASE]
	at org.springframework.beans.factory.support.AbstractAutowireCapableBeanFactory.createBeanInstance(AbstractAutowireCapableBeanFactory.java:1096) ~[spring-beans-5.0.12.RELEASE.jar:5.0.12.RELEASE]
	at org.springframework.beans.factory.support.AbstractAutowireCapableBeanFactory.doCreateBean(AbstractAutowireCapableBeanFactory.java:535) ~[spring-beans-5.0.12.RELEASE.jar:5.0.12.RELEASE]
	at org.springframework.beans.factory.support.AbstractAutowireCapableBeanFactory.createBean(AbstractAutowireCapableBeanFactory.java:495) ~[spring-beans-5.0.12.RELEASE.jar:5.0.12.RELEASE]
	at org.springframework.beans.factory.support.AbstractBeanFactory.lambda$doGetBean$0(AbstractBeanFactory.java:317) ~[spring-beans-5.0.12.RELEASE.jar:5.0.12.RELEASE]
	at org.springframework.beans.factory.support.DefaultSingletonBeanRegistry.getSingleton(DefaultSingletonBeanRegistry.java:222) ~[spring-beans-5.0.12.RELEASE.jar:5.0.12.RELEASE]
	at org.springframework.beans.factory.support.AbstractBeanFactory.doGetBean(AbstractBeanFactory.java:315) ~[spring-beans-5.0.12.RELEASE.jar:5.0.12.RELEASE]
	at org.springframework.beans.factory.support.AbstractBeanFactory.getBean(AbstractBeanFactory.java:199) ~[spring-beans-5.0.12.RELEASE.jar:5.0.12.RELEASE]
	at org.springframework.beans.factory.config.DependencyDescriptor.resolveCandidate(DependencyDescriptor.java:251) ~[spring-beans-5.0.12.RELEASE.jar:5.0.12.RELEASE]
	at org.springframework.beans.factory.support.DefaultListableBeanFactory.doResolveDependency(DefaultListableBeanFactory.java:1135) ~[spring-beans-5.0.12.RELEASE.jar:5.0.12.RELEASE]
	at org.springframework.beans.factory.support.DefaultListableBeanFactory.resolveDependency(DefaultListableBeanFactory.java:1062) ~[spring-beans-5.0.12.RELEASE.jar:5.0.12.RELEASE]
	at org.springframework.beans.factory.support.ConstructorResolver.resolveAutowiredArgument(ConstructorResolver.java:819) ~[spring-beans-5.0.12.RELEASE.jar:5.0.12.RELEASE]
	at org.springframework.beans.factory.support.ConstructorResolver.createArgumentArray(ConstructorResolver.java:725) ~[spring-beans-5.0.12.RELEASE.jar:5.0.12.RELEASE]
	... 59 common frames omitted
Caused by: org.springframework.beans.BeanInstantiationException: Failed to instantiate [org.springframework.web.servlet.HandlerExceptionResolver]: Factory method 'handlerExceptionResolver' threw exception; nested exception is java.lang.NoClassDefFoundError: net/minidev/json/writer/JsonReaderI
	at org.springframework.beans.factory.support.SimpleInstantiationStrategy.instantiate(SimpleInstantiationStrategy.java:185) ~[spring-beans-5.0.12.RELEASE.jar:5.0.12.RELEASE]
	at org.springframework.beans.factory.support.ConstructorResolver.instantiateUsingFactoryMethod(ConstructorResolver.java:583) ~[spring-beans-5.0.12.RELEASE.jar:5.0.12.RELEASE]
	... 72 common frames omitted
Caused by: java.lang.NoClassDefFoundError: net/minidev/json/writer/JsonReaderI
	at com.jayway.jsonpath.internal.DefaultsImpl.<init>(DefaultsImpl.java:17) ~[json-path-2.4.0.jar:2.4.0]
	at com.jayway.jsonpath.internal.DefaultsImpl.<clinit>(DefaultsImpl.java:15) ~[json-path-2.4.0.jar:2.4.0]
	at com.jayway.jsonpath.Configuration.getEffectiveDefaults(Configuration.java:48) ~[json-path-2.4.0.jar:2.4.0]
	at com.jayway.jsonpath.Configuration.access$000(Configuration.java:34) ~[json-path-2.4.0.jar:2.4.0]
	at com.jayway.jsonpath.Configuration$ConfigurationBuilder.build(Configuration.java:229) ~[json-path-2.4.0.jar:2.4.0]
	at org.springframework.data.web.JsonProjectingMethodInterceptorFactory.<init>(JsonProjectingMethodInterceptorFactory.java:75) ~[spring-data-commons-2.0.13.RELEASE.jar:2.0.13.RELEASE]
	at org.springframework.data.web.ProjectingJackson2HttpMessageConverter.initProjectionFactory(ProjectingJackson2HttpMessageConverter.java:87) ~[spring-data-commons-2.0.13.RELEASE.jar:2.0.13.RELEASE]
	at org.springframework.data.web.ProjectingJackson2HttpMessageConverter.<init>(ProjectingJackson2HttpMessageConverter.java:72) ~[spring-data-commons-2.0.13.RELEASE.jar:2.0.13.RELEASE]
	at org.springframework.data.web.config.SpringDataWebConfiguration.extendMessageConverters(SpringDataWebConfiguration.java:163) ~[spring-data-commons-2.0.13.RELEASE.jar:2.0.13.RELEASE]
	at org.springframework.web.servlet.config.annotation.WebMvcConfigurerComposite.extendMessageConverters(WebMvcConfigurerComposite.java:144) ~[spring-webmvc-5.0.12.RELEASE.jar:5.0.12.RELEASE]
	at org.springframework.web.servlet.config.annotation.DelegatingWebMvcConfiguration.extendMessageConverters(DelegatingWebMvcConfiguration.java:123) ~[spring-webmvc-5.0.12.RELEASE.jar:5.0.12.RELEASE]
	at org.springframework.web.servlet.config.annotation.WebMvcConfigurationSupport.getMessageConverters(WebMvcConfigurationSupport.java:749) ~[spring-webmvc-5.0.12.RELEASE.jar:5.0.12.RELEASE]
	at org.springframework.web.servlet.config.annotation.WebMvcConfigurationSupport.addDefaultHandlerExceptionResolvers(WebMvcConfigurationSupport.java:926) ~[spring-webmvc-5.0.12.RELEASE.jar:5.0.12.RELEASE]
	at org.springframework.boot.autoconfigure.web.servlet.WebMvcAutoConfiguration$EnableWebMvcConfiguration.configureHandlerExceptionResolvers(WebMvcAutoConfiguration.java:542) ~[spring-boot-autoconfigure-2.0.8.BUILD-SNAPSHOT.jar:2.0.8.BUILD-SNAPSHOT]
	at org.springframework.web.servlet.config.annotation.WebMvcConfigurationSupport.handlerExceptionResolver(WebMvcConfigurationSupport.java:878) ~[spring-webmvc-5.0.12.RELEASE.jar:5.0.12.RELEASE]
	at org.springframework.boot.autoconfigure.web.servlet.WebMvcAutoConfiguration$EnableWebMvcConfiguration$$EnhancerBySpringCGLIB$$cef7d372.CGLIB$handlerExceptionResolver$30(<generated>) ~[spring-boot-autoconfigure-2.0.8.BUILD-SNAPSHOT.jar:2.0.8.BUILD-SNAPSHOT]
	at org.springframework.boot.autoconfigure.web.servlet.WebMvcAutoConfiguration$EnableWebMvcConfiguration$$EnhancerBySpringCGLIB$$cef7d372$$FastClassBySpringCGLIB$$cefc0d3b.invoke(<generated>) ~[spring-boot-autoconfigure-2.0.8.BUILD-SNAPSHOT.jar:2.0.8.BUILD-SNAPSHOT]
	at org.springframework.cglib.proxy.MethodProxy.invokeSuper(MethodProxy.java:228) ~[spring-core-5.0.12.RELEASE.jar:5.0.12.RELEASE]
	at org.springframework.context.annotation.ConfigurationClassEnhancer$BeanMethodInterceptor.intercept(ConfigurationClassEnhancer.java:365) ~[spring-context-5.0.12.RELEASE.jar:5.0.12.RELEASE]
	at org.springframework.boot.autoconfigure.web.servlet.WebMvcAutoConfiguration$EnableWebMvcConfiguration$$EnhancerBySpringCGLIB$$cef7d372.handlerExceptionResolver(<generated>) ~[spring-boot-autoconfigure-2.0.8.BUILD-SNAPSHOT.jar:2.0.8.BUILD-SNAPSHOT]
	at sun.reflect.NativeMethodAccessorImpl.invoke0(Native Method) ~[na:1.8.0_201]
	at sun.reflect.NativeMethodAccessorImpl.invoke(NativeMethodAccessorImpl.java:62) ~[na:1.8.0_201]
	at sun.reflect.DelegatingMethodAccessorImpl.invoke(DelegatingMethodAccessorImpl.java:43) ~[na:1.8.0_201]
	at java.lang.reflect.Method.invoke(Method.java:498) ~[na:1.8.0_201]
	at org.springframework.beans.factory.support.SimpleInstantiationStrategy.instantiate(SimpleInstantiationStrategy.java:154) ~[spring-beans-5.0.12.RELEASE.jar:5.0.12.RELEASE]
	... 73 common frames omitted
Caused by: java.lang.ClassNotFoundException: net.minidev.json.writer.JsonReaderI
	at java.net.URLClassLoader.findClass(URLClassLoader.java:382) ~[na:1.8.0_201]
	at java.lang.ClassLoader.loadClass(ClassLoader.java:424) ~[na:1.8.0_201]
	at sun.misc.Launcher$AppClassLoader.loadClass(Launcher.java:349) ~[na:1.8.0_201]
	at java.lang.ClassLoader.loadClass(ClassLoader.java:357) ~[na:1.8.0_201]
	... 98 common frames omitted

]]></system-out>
  </testcase>
</testsuite>